2024-11-02T02:27:13.984+05:30  INFO 14412 --- [weatherinfo] [restartedMain] c.a.weatherinfo.WeatherinfoApplication   : Starting WeatherinfoApplication using Java 23 with PID 14412 (C:\Users\user\Desktop\Assaignment project2\weatherinfo\weatherinfo\target\classes started by user in C:\Users\user\Desktop\Assaignment project2\weatherinfo\weatherinfo)
2024-11-02T02:27:13.990+05:30  INFO 14412 --- [weatherinfo] [restartedMain] c.a.weatherinfo.WeatherinfoApplication   : No active profile set, falling back to 1 default profile: "default"
2024-11-02T02:27:14.133+05:30  INFO 14412 --- [weatherinfo] [restartedMain] .e.DevToolsPropertyDefaultsPostProcessor : Devtools property defaults active! Set 'spring.devtools.add-properties' to 'false' to disable
2024-11-02T02:27:14.138+05:30  INFO 14412 --- [weatherinfo] [restartedMain] .e.DevToolsPropertyDefaultsPostProcessor : For additional web related logging consider setting the 'logging.level.web' property to 'DEBUG'
2024-11-02T02:27:17.166+05:30  INFO 14412 --- [weatherinfo] [restartedMain] .s.d.r.c.RepositoryConfigurationDelegate : Bootstrapping Spring Data JPA repositories in DEFAULT mode.
2024-11-02T02:27:17.296+05:30  INFO 14412 --- [weatherinfo] [restartedMain] .s.d.r.c.RepositoryConfigurationDelegate : Finished Spring Data repository scanning in 112 ms. Found 2 JPA repository interfaces.
2024-11-02T02:27:19.355+05:30  INFO 14412 --- [weatherinfo] [restartedMain] o.s.b.w.embedded.tomcat.TomcatWebServer  : Tomcat initialized with port 8083 (http)
2024-11-02T02:27:19.388+05:30  INFO 14412 --- [weatherinfo] [restartedMain] o.apache.catalina.core.StandardService   : Starting service [Tomcat]
2024-11-02T02:27:19.389+05:30  INFO 14412 --- [weatherinfo] [restartedMain] o.apache.catalina.core.StandardEngine    : Starting Servlet engine: [Apache Tomcat/10.1.31]
2024-11-02T02:27:19.496+05:30  INFO 14412 --- [weatherinfo] [restartedMain] o.a.c.c.C.[Tomcat].[localhost].[/]       : Initializing Spring embedded WebApplicationContext
2024-11-02T02:27:19.497+05:30  INFO 14412 --- [weatherinfo] [restartedMain] w.s.c.ServletWebServerApplicationContext : Root WebApplicationContext: initialization completed in 5348 ms
2024-11-02T02:27:20.249+05:30  INFO 14412 --- [weatherinfo] [restartedMain] o.hibernate.jpa.internal.util.LogHelper  : HHH000204: Processing PersistenceUnitInfo [name: default]
2024-11-02T02:27:20.442+05:30  INFO 14412 --- [weatherinfo] [restartedMain] org.hibernate.Version                    : HHH000412: Hibernate ORM core version 6.5.3.Final
2024-11-02T02:27:20.552+05:30  INFO 14412 --- [weatherinfo] [restartedMain] o.h.c.internal.RegionFactoryInitiator    : HHH000026: Second-level cache disabled
2024-11-02T02:27:21.695+05:30  INFO 14412 --- [weatherinfo] [restartedMain] o.s.o.j.p.SpringPersistenceUnitInfo      : No LoadTimeWeaver setup: ignoring JPA class transformer
2024-11-02T02:27:21.745+05:30  INFO 14412 --- [weatherinfo] [restartedMain] com.zaxxer.hikari.HikariDataSource       : HikariPool-1 - Starting...
2024-11-02T02:27:22.359+05:30  INFO 14412 --- [weatherinfo] [restartedMain] com.zaxxer.hikari.pool.HikariPool        : HikariPool-1 - Added connection com.mysql.cj.jdbc.ConnectionImpl@370f9dc1
2024-11-02T02:27:22.365+05:30  INFO 14412 --- [weatherinfo] [restartedMain] com.zaxxer.hikari.HikariDataSource       : HikariPool-1 - Start completed.
2024-11-02T02:27:24.182+05:30  INFO 14412 --- [weatherinfo] [restartedMain] o.h.e.t.j.p.i.JtaPlatformInitiator       : HHH000489: No JTA platform available (set 'hibernate.transaction.jta.platform' to enable JTA platform integration)
2024-11-02T02:27:24.351+05:30  INFO 14412 --- [weatherinfo] [restartedMain] j.LocalContainerEntityManagerFactoryBean : Initialized JPA EntityManagerFactory for persistence unit 'default'
2024-11-02T02:27:25.392+05:30  WARN 14412 --- [weatherinfo] [restartedMain] JpaBaseConfiguration$JpaWebConfiguration : spring.jpa.open-in-view is enabled by default. Therefore, database queries may be performed during view rendering. Explicitly configure spring.jpa.open-in-view to disable this warning
2024-11-02T02:27:27.015+05:30  INFO 14412 --- [weatherinfo] [restartedMain] o.s.b.d.a.OptionalLiveReloadServer       : LiveReload server is running on port 35729
2024-11-02T02:27:27.046+05:30  INFO 14412 --- [weatherinfo] [restartedMain] o.s.b.a.e.web.EndpointLinksResolver      : Exposing 1 endpoint beneath base path '/actuator'
2024-11-02T02:27:27.245+05:30  INFO 14412 --- [weatherinfo] [restartedMain] o.s.b.w.embedded.tomcat.TomcatWebServer  : Tomcat started on port 8083 (http) with context path '/'
2024-11-02T02:27:27.290+05:30  INFO 14412 --- [weatherinfo] [restartedMain] c.a.weatherinfo.WeatherinfoApplication   : Started WeatherinfoApplication in 14.188 seconds (process running for 16.924)
2024-11-02T02:27:50.752+05:30  INFO 14412 --- [weatherinfo] [http-nio-8083-exec-1] o.a.c.c.C.[Tomcat].[localhost].[/]       : Initializing Spring DispatcherServlet 'dispatcherServlet'
2024-11-02T02:27:50.759+05:30  INFO 14412 --- [weatherinfo] [http-nio-8083-exec-1] o.s.web.servlet.DispatcherServlet        : Initializing Servlet 'dispatcherServlet'
2024-11-02T02:27:50.763+05:30  INFO 14412 --- [weatherinfo] [http-nio-8083-exec-1] o.s.web.servlet.DispatcherServlet        : Completed initialization in 4 ms
2024-11-02T02:27:51.279+05:30  INFO 14412 --- [weatherinfo] [http-nio-8083-exec-1] c.a.weatherinfo.service.WeatherService   : calling open wether geo coordinates api : 
2024-11-02T02:27:51.279+05:30  INFO 14412 --- [weatherinfo] [http-nio-8083-exec-1] c.a.weatherinfo.service.WeatherService   : No need to fetch from open weather api the co ordinates are present in db
2024-11-02T02:27:51.689+05:30  INFO 14412 --- [weatherinfo] [http-nio-8083-exec-1] c.a.weatherinfo.service.WeatherService   : Weather info presnt in database
2024-11-02T02:29:11.484+05:30  INFO 14412 --- [weatherinfo] [File Watcher] rtingClassPathChangeChangedEventListener : Restarting due to 1 class path change (0 additions, 0 deletions, 1 modification)
2024-11-02T02:29:11.536+05:30  INFO 14412 --- [weatherinfo] [Thread-5] j.LocalContainerEntityManagerFactoryBean : Closing JPA EntityManagerFactory for persistence unit 'default'
2024-11-02T02:29:11.553+05:30  INFO 14412 --- [weatherinfo] [Thread-5] com.zaxxer.hikari.HikariDataSource       : HikariPool-1 - Shutdown initiated...
2024-11-02T02:29:11.587+05:30  INFO 14412 --- [weatherinfo] [Thread-5] com.zaxxer.hikari.HikariDataSource       : HikariPool-1 - Shutdown completed.
2024-11-02T02:29:11.918+05:30  INFO 14412 --- [weatherinfo] [restartedMain] c.a.weatherinfo.WeatherinfoApplication   : Starting WeatherinfoApplication using Java 23 with PID 14412 (C:\Users\user\Desktop\Assaignment project2\weatherinfo\weatherinfo\target\classes started by user in C:\Users\user\Desktop\Assaignment project2\weatherinfo\weatherinfo)
2024-11-02T02:29:11.920+05:30  INFO 14412 --- [weatherinfo] [restartedMain] c.a.weatherinfo.WeatherinfoApplication   : No active profile set, falling back to 1 default profile: "default"
2024-11-02T02:29:12.617+05:30  INFO 14412 --- [weatherinfo] [restartedMain] .s.d.r.c.RepositoryConfigurationDelegate : Bootstrapping Spring Data JPA repositories in DEFAULT mode.
2024-11-02T02:29:12.643+05:30  INFO 14412 --- [weatherinfo] [restartedMain] .s.d.r.c.RepositoryConfigurationDelegate : Finished Spring Data repository scanning in 21 ms. Found 2 JPA repository interfaces.
2024-11-02T02:29:12.912+05:30  INFO 14412 --- [weatherinfo] [restartedMain] o.s.b.w.embedded.tomcat.TomcatWebServer  : Tomcat initialized with port 8083 (http)
2024-11-02T02:29:12.917+05:30  INFO 14412 --- [weatherinfo] [restartedMain] o.apache.catalina.core.StandardService   : Starting service [Tomcat]
2024-11-02T02:29:12.922+05:30  INFO 14412 --- [weatherinfo] [restartedMain] o.apache.catalina.core.StandardEngine    : Starting Servlet engine: [Apache Tomcat/10.1.31]
2024-11-02T02:29:12.952+05:30  INFO 14412 --- [weatherinfo] [restartedMain] o.a.c.c.C.[Tomcat].[localhost].[/]       : Initializing Spring embedded WebApplicationContext
2024-11-02T02:29:12.954+05:30  INFO 14412 --- [weatherinfo] [restartedMain] w.s.c.ServletWebServerApplicationContext : Root WebApplicationContext: initialization completed in 1029 ms
2024-11-02T02:29:13.174+05:30  INFO 14412 --- [weatherinfo] [restartedMain] o.hibernate.jpa.internal.util.LogHelper  : HHH000204: Processing PersistenceUnitInfo [name: default]
2024-11-02T02:29:13.184+05:30  INFO 14412 --- [weatherinfo] [restartedMain] o.h.c.internal.RegionFactoryInitiator    : HHH000026: Second-level cache disabled
2024-11-02T02:29:13.221+05:30  INFO 14412 --- [weatherinfo] [restartedMain] o.s.o.j.p.SpringPersistenceUnitInfo      : No LoadTimeWeaver setup: ignoring JPA class transformer
2024-11-02T02:29:13.224+05:30  INFO 14412 --- [weatherinfo] [restartedMain] com.zaxxer.hikari.HikariDataSource       : HikariPool-2 - Starting...
2024-11-02T02:29:13.265+05:30  INFO 14412 --- [weatherinfo] [restartedMain] com.zaxxer.hikari.pool.HikariPool        : HikariPool-2 - Added connection com.mysql.cj.jdbc.ConnectionImpl@793ad1e5
2024-11-02T02:29:13.266+05:30  INFO 14412 --- [weatherinfo] [restartedMain] com.zaxxer.hikari.HikariDataSource       : HikariPool-2 - Start completed.
2024-11-02T02:29:13.407+05:30  INFO 14412 --- [weatherinfo] [restartedMain] o.h.e.t.j.p.i.JtaPlatformInitiator       : HHH000489: No JTA platform available (set 'hibernate.transaction.jta.platform' to enable JTA platform integration)
2024-11-02T02:29:13.445+05:30  INFO 14412 --- [weatherinfo] [restartedMain] j.LocalContainerEntityManagerFactoryBean : Initialized JPA EntityManagerFactory for persistence unit 'default'
2024-11-02T02:29:13.804+05:30  WARN 14412 --- [weatherinfo] [restartedMain] JpaBaseConfiguration$JpaWebConfiguration : spring.jpa.open-in-view is enabled by default. Therefore, database queries may be performed during view rendering. Explicitly configure spring.jpa.open-in-view to disable this warning
2024-11-02T02:29:14.356+05:30  INFO 14412 --- [weatherinfo] [restartedMain] o.s.b.d.a.OptionalLiveReloadServer       : LiveReload server is running on port 35729
2024-11-02T02:29:14.367+05:30  INFO 14412 --- [weatherinfo] [restartedMain] o.s.b.a.e.web.EndpointLinksResolver      : Exposing 1 endpoint beneath base path '/actuator'
2024-11-02T02:29:14.406+05:30  INFO 14412 --- [weatherinfo] [restartedMain] o.s.b.w.embedded.tomcat.TomcatWebServer  : Tomcat started on port 8083 (http) with context path '/'
2024-11-02T02:29:14.422+05:30  INFO 14412 --- [weatherinfo] [restartedMain] c.a.weatherinfo.WeatherinfoApplication   : Started WeatherinfoApplication in 2.751 seconds (process running for 124.055)
2024-11-02T02:29:14.434+05:30  INFO 14412 --- [weatherinfo] [restartedMain] .ConditionEvaluationDeltaLoggingListener : Condition evaluation unchanged
2024-11-02T02:29:22.999+05:30  INFO 14412 --- [weatherinfo] [http-nio-8083-exec-1] o.a.c.c.C.[Tomcat].[localhost].[/]       : Initializing Spring DispatcherServlet 'dispatcherServlet'
2024-11-02T02:29:23.002+05:30  INFO 14412 --- [weatherinfo] [http-nio-8083-exec-1] o.s.web.servlet.DispatcherServlet        : Initializing Servlet 'dispatcherServlet'
2024-11-02T02:29:23.002+05:30  INFO 14412 --- [weatherinfo] [http-nio-8083-exec-1] o.s.web.servlet.DispatcherServlet        : Completed initialization in 0 ms
2024-11-02T02:29:23.068+05:30  INFO 14412 --- [weatherinfo] [http-nio-8083-exec-1] c.a.weatherinfo.service.WeatherService   : calling open wether geo coordinates api : 
2024-11-02T02:29:24.008+05:30 ERROR 14412 --- [weatherinfo] [http-nio-8083-exec-1] c.a.weatherinfo.service.WeatherService   : got unknown Exception { }

org.springframework.web.client.HttpClientErrorException$NotFound: 404 Not Found: "{"cod":"404","message":"city not found"}"
	at org.springframework.web.client.HttpClientErrorException.create(HttpClientErrorException.java:112) ~[spring-web-6.1.14.jar:6.1.14]
	at org.springframework.web.client.DefaultResponseErrorHandler.handleError(DefaultResponseErrorHandler.java:183) ~[spring-web-6.1.14.jar:6.1.14]
	at org.springframework.web.client.DefaultResponseErrorHandler.handleError(DefaultResponseErrorHandler.java:137) ~[spring-web-6.1.14.jar:6.1.14]
	at org.springframework.web.client.ResponseErrorHandler.handleError(ResponseErrorHandler.java:63) ~[spring-web-6.1.14.jar:6.1.14]
	at org.springframework.web.client.RestTemplate.handleResponse(RestTemplate.java:942) ~[spring-web-6.1.14.jar:6.1.14]
	at org.springframework.web.client.RestTemplate.doExecute(RestTemplate.java:891) ~[spring-web-6.1.14.jar:6.1.14]
	at org.springframework.web.client.RestTemplate.execute(RestTemplate.java:790) ~[spring-web-6.1.14.jar:6.1.14]
	at org.springframework.web.client.RestTemplate.getForObject(RestTemplate.java:404) ~[spring-web-6.1.14.jar:6.1.14]
	at com.assaignment.weatherinfo.service.WeatherService.getPincodeFromOpenApi(WeatherService.java:45) ~[classes/:na]
	at com.assaignment.weatherinfo.service.WeatherService.getPinCodeDetails(WeatherService.java:67) ~[classes/:na]
	at com.assaignment.weatherinfo.service.WeatherService.getWeatherReport(WeatherService.java:78) ~[classes/:na]
	at com.assaignment.weatherinfo.controller.WeatherController.getWeatherReport(WeatherController.java:43) ~[classes/:na]
	at java.base/jdk.internal.reflect.DirectMethodHandleAccessor.invoke(DirectMethodHandleAccessor.java:103) ~[na:na]
	at java.base/java.lang.reflect.Method.invoke(Method.java:580) ~[na:na]
	at org.springframework.web.method.support.InvocableHandlerMethod.doInvoke(InvocableHandlerMethod.java:255) ~[spring-web-6.1.14.jar:6.1.14]
	at org.springframework.web.method.support.InvocableHandlerMethod.invokeForRequest(InvocableHandlerMethod.java:188) ~[spring-web-6.1.14.jar:6.1.14]
	at org.springframework.web.servlet.mvc.method.annotation.ServletInvocableHandlerMethod.invokeAndHandle(ServletInvocableHandlerMethod.java:118) ~[spring-webmvc-6.1.14.jar:6.1.14]
	at org.springframework.web.servlet.mvc.method.annotation.RequestMappingHandlerAdapter.invokeHandlerMethod(RequestMappingHandlerAdapter.java:926) ~[spring-webmvc-6.1.14.jar:6.1.14]
	at org.springframework.web.servlet.mvc.method.annotation.RequestMappingHandlerAdapter.handleInternal(RequestMappingHandlerAdapter.java:831) ~[spring-webmvc-6.1.14.jar:6.1.14]
	at org.springframework.web.servlet.mvc.method.AbstractHandlerMethodAdapter.handle(AbstractHandlerMethodAdapter.java:87) ~[spring-webmvc-6.1.14.jar:6.1.14]
	at org.springframework.web.servlet.DispatcherServlet.doDispatch(DispatcherServlet.java:1089) ~[spring-webmvc-6.1.14.jar:6.1.14]
	at org.springframework.web.servlet.DispatcherServlet.doService(DispatcherServlet.java:979) ~[spring-webmvc-6.1.14.jar:6.1.14]
	at org.springframework.web.servlet.FrameworkServlet.processRequest(FrameworkServlet.java:1014) ~[spring-webmvc-6.1.14.jar:6.1.14]
	at org.springframework.web.servlet.FrameworkServlet.doGet(FrameworkServlet.java:903) ~[spring-webmvc-6.1.14.jar:6.1.14]
	at jakarta.servlet.http.HttpServlet.service(HttpServlet.java:564) ~[tomcat-embed-core-10.1.31.jar:6.0]
	at org.springframework.web.servlet.FrameworkServlet.service(FrameworkServlet.java:885) ~[spring-webmvc-6.1.14.jar:6.1.14]
	at jakarta.servlet.http.HttpServlet.service(HttpServlet.java:658) ~[tomcat-embed-core-10.1.31.jar:6.0]
	at org.apache.catalina.core.ApplicationFilterChain.internalDoFilter(ApplicationFilterChain.java:195) ~[tomcat-embed-core-10.1.31.jar:10.1.31]
	at org.apache.catalina.core.ApplicationFilterChain.doFilter(ApplicationFilterChain.java:140) ~[tomcat-embed-core-10.1.31.jar:10.1.31]
	at org.apache.tomcat.websocket.server.WsFilter.doFilter(WsFilter.java:51) ~[tomcat-embed-websocket-10.1.31.jar:10.1.31]
	at org.apache.catalina.core.ApplicationFilterChain.internalDoFilter(ApplicationFilterChain.java:164) ~[tomcat-embed-core-10.1.31.jar:10.1.31]
	at org.apache.catalina.core.ApplicationFilterChain.doFilter(ApplicationFilterChain.java:140) ~[tomcat-embed-core-10.1.31.jar:10.1.31]
	at org.springframework.web.filter.RequestContextFilter.doFilterInternal(RequestContextFilter.java:100) ~[spring-web-6.1.14.jar:6.1.14]
	at org.springframework.web.filter.OncePerRequestFilter.doFilter(OncePerRequestFilter.java:116) ~[spring-web-6.1.14.jar:6.1.14]
	at org.apache.catalina.core.ApplicationFilterChain.internalDoFilter(ApplicationFilterChain.java:164) ~[tomcat-embed-core-10.1.31.jar:10.1.31]
	at org.apache.catalina.core.ApplicationFilterChain.doFilter(ApplicationFilterChain.java:140) ~[tomcat-embed-core-10.1.31.jar:10.1.31]
	at org.springframework.web.filter.FormContentFilter.doFilterInternal(FormContentFilter.java:93) ~[spring-web-6.1.14.jar:6.1.14]
	at org.springframework.web.filter.OncePerRequestFilter.doFilter(OncePerRequestFilter.java:116) ~[spring-web-6.1.14.jar:6.1.14]
	at org.apache.catalina.core.ApplicationFilterChain.internalDoFilter(ApplicationFilterChain.java:164) ~[tomcat-embed-core-10.1.31.jar:10.1.31]
	at org.apache.catalina.core.ApplicationFilterChain.doFilter(ApplicationFilterChain.java:140) ~[tomcat-embed-core-10.1.31.jar:10.1.31]
	at org.springframework.web.filter.ServerHttpObservationFilter.doFilterInternal(ServerHttpObservationFilter.java:113) ~[spring-web-6.1.14.jar:6.1.14]
	at org.springframework.web.filter.OncePerRequestFilter.doFilter(OncePerRequestFilter.java:116) ~[spring-web-6.1.14.jar:6.1.14]
	at org.apache.catalina.core.ApplicationFilterChain.internalDoFilter(ApplicationFilterChain.java:164) ~[tomcat-embed-core-10.1.31.jar:10.1.31]
	at org.apache.catalina.core.ApplicationFilterChain.doFilter(ApplicationFilterChain.java:140) ~[tomcat-embed-core-10.1.31.jar:10.1.31]
	at org.springframework.web.filter.CharacterEncodingFilter.doFilterInternal(CharacterEncodingFilter.java:201) ~[spring-web-6.1.14.jar:6.1.14]
	at org.springframework.web.filter.OncePerRequestFilter.doFilter(OncePerRequestFilter.java:116) ~[spring-web-6.1.14.jar:6.1.14]
	at org.apache.catalina.core.ApplicationFilterChain.internalDoFilter(ApplicationFilterChain.java:164) ~[tomcat-embed-core-10.1.31.jar:10.1.31]
	at org.apache.catalina.core.ApplicationFilterChain.doFilter(ApplicationFilterChain.java:140) ~[tomcat-embed-core-10.1.31.jar:10.1.31]
	at org.apache.catalina.core.StandardWrapperValve.invoke(StandardWrapperValve.java:167) ~[tomcat-embed-core-10.1.31.jar:10.1.31]
	at org.apache.catalina.core.StandardContextValve.invoke(StandardContextValve.java:90) ~[tomcat-embed-core-10.1.31.jar:10.1.31]
	at org.apache.catalina.authenticator.AuthenticatorBase.invoke(AuthenticatorBase.java:483) ~[tomcat-embed-core-10.1.31.jar:10.1.31]
	at org.apache.catalina.core.StandardHostValve.invoke(StandardHostValve.java:115) ~[tomcat-embed-core-10.1.31.jar:10.1.31]
	at org.apache.catalina.valves.ErrorReportValve.invoke(ErrorReportValve.java:93) ~[tomcat-embed-core-10.1.31.jar:10.1.31]
	at org.apache.catalina.core.StandardEngineValve.invoke(StandardEngineValve.java:74) ~[tomcat-embed-core-10.1.31.jar:10.1.31]
	at org.apache.catalina.connector.CoyoteAdapter.service(CoyoteAdapter.java:344) ~[tomcat-embed-core-10.1.31.jar:10.1.31]
	at org.apache.coyote.http11.Http11Processor.service(Http11Processor.java:384) ~[tomcat-embed-core-10.1.31.jar:10.1.31]
	at org.apache.coyote.AbstractProcessorLight.process(AbstractProcessorLight.java:63) ~[tomcat-embed-core-10.1.31.jar:10.1.31]
	at org.apache.coyote.AbstractProtocol$ConnectionHandler.process(AbstractProtocol.java:905) ~[tomcat-embed-core-10.1.31.jar:10.1.31]
	at org.apache.tomcat.util.net.NioEndpoint$SocketProcessor.doRun(NioEndpoint.java:1741) ~[tomcat-embed-core-10.1.31.jar:10.1.31]
	at org.apache.tomcat.util.net.SocketProcessorBase.run(SocketProcessorBase.java:52) ~[tomcat-embed-core-10.1.31.jar:10.1.31]
	at org.apache.tomcat.util.threads.ThreadPoolExecutor.runWorker(ThreadPoolExecutor.java:1190) ~[tomcat-embed-core-10.1.31.jar:10.1.31]
	at org.apache.tomcat.util.threads.ThreadPoolExecutor$Worker.run(ThreadPoolExecutor.java:659) ~[tomcat-embed-core-10.1.31.jar:10.1.31]
	at org.apache.tomcat.util.threads.TaskThread$WrappingRunnable.run(TaskThread.java:63) ~[tomcat-embed-core-10.1.31.jar:10.1.31]
	at java.base/java.lang.Thread.run(Thread.java:1575) ~[na:na]

2024-11-02T02:29:24.049+05:30  WARN 14412 --- [weatherinfo] [http-nio-8083-exec-1] .m.m.a.ExceptionHandlerExceptionResolver : Resolved [com.assaignment.weatherinfo.exceptions.ExceptionFromOpenApi: Unknown error occoured while contacting open weather API for cordinates]
2024-11-02T02:38:51.929+05:30  INFO 2492 --- [weatherinfo] [restartedMain] c.a.weatherinfo.WeatherinfoApplication   : Starting WeatherinfoApplication using Java 23 with PID 2492 (C:\Users\user\Desktop\Assaignment project2\weatherinfo\weatherinfo\target\classes started by user in C:\Users\user\Desktop\Assaignment project2\weatherinfo\weatherinfo)
2024-11-02T02:38:51.934+05:30  INFO 2492 --- [weatherinfo] [restartedMain] c.a.weatherinfo.WeatherinfoApplication   : No active profile set, falling back to 1 default profile: "default"
2024-11-02T02:38:52.071+05:30  INFO 2492 --- [weatherinfo] [restartedMain] .e.DevToolsPropertyDefaultsPostProcessor : Devtools property defaults active! Set 'spring.devtools.add-properties' to 'false' to disable
2024-11-02T02:38:52.072+05:30  INFO 2492 --- [weatherinfo] [restartedMain] .e.DevToolsPropertyDefaultsPostProcessor : For additional web related logging consider setting the 'logging.level.web' property to 'DEBUG'
2024-11-02T02:38:53.870+05:30  INFO 2492 --- [weatherinfo] [restartedMain] .s.d.r.c.RepositoryConfigurationDelegate : Bootstrapping Spring Data JPA repositories in DEFAULT mode.
2024-11-02T02:38:53.963+05:30  INFO 2492 --- [weatherinfo] [restartedMain] .s.d.r.c.RepositoryConfigurationDelegate : Finished Spring Data repository scanning in 78 ms. Found 2 JPA repository interfaces.
2024-11-02T02:38:55.288+05:30  INFO 2492 --- [weatherinfo] [restartedMain] o.s.b.w.embedded.tomcat.TomcatWebServer  : Tomcat initialized with port 8083 (http)
2024-11-02T02:38:55.317+05:30  INFO 2492 --- [weatherinfo] [restartedMain] o.apache.catalina.core.StandardService   : Starting service [Tomcat]
2024-11-02T02:38:55.318+05:30  INFO 2492 --- [weatherinfo] [restartedMain] o.apache.catalina.core.StandardEngine    : Starting Servlet engine: [Apache Tomcat/10.1.31]
2024-11-02T02:38:55.416+05:30  INFO 2492 --- [weatherinfo] [restartedMain] o.a.c.c.C.[Tomcat].[localhost].[/]       : Initializing Spring embedded WebApplicationContext
2024-11-02T02:38:55.421+05:30  INFO 2492 --- [weatherinfo] [restartedMain] w.s.c.ServletWebServerApplicationContext : Root WebApplicationContext: initialization completed in 3345 ms
2024-11-02T02:38:56.099+05:30  INFO 2492 --- [weatherinfo] [restartedMain] o.hibernate.jpa.internal.util.LogHelper  : HHH000204: Processing PersistenceUnitInfo [name: default]
2024-11-02T02:38:56.189+05:30  INFO 2492 --- [weatherinfo] [restartedMain] org.hibernate.Version                    : HHH000412: Hibernate ORM core version 6.5.3.Final
2024-11-02T02:38:56.254+05:30  INFO 2492 --- [weatherinfo] [restartedMain] o.h.c.internal.RegionFactoryInitiator    : HHH000026: Second-level cache disabled
2024-11-02T02:38:56.806+05:30  INFO 2492 --- [weatherinfo] [restartedMain] o.s.o.j.p.SpringPersistenceUnitInfo      : No LoadTimeWeaver setup: ignoring JPA class transformer
2024-11-02T02:38:56.855+05:30  INFO 2492 --- [weatherinfo] [restartedMain] com.zaxxer.hikari.HikariDataSource       : HikariPool-1 - Starting...
2024-11-02T02:38:57.351+05:30  INFO 2492 --- [weatherinfo] [restartedMain] com.zaxxer.hikari.pool.HikariPool        : HikariPool-1 - Added connection com.mysql.cj.jdbc.ConnectionImpl@5f2635f0
2024-11-02T02:38:57.357+05:30  INFO 2492 --- [weatherinfo] [restartedMain] com.zaxxer.hikari.HikariDataSource       : HikariPool-1 - Start completed.
2024-11-02T02:38:58.773+05:30  INFO 2492 --- [weatherinfo] [restartedMain] o.h.e.t.j.p.i.JtaPlatformInitiator       : HHH000489: No JTA platform available (set 'hibernate.transaction.jta.platform' to enable JTA platform integration)
2024-11-02T02:38:58.884+05:30  INFO 2492 --- [weatherinfo] [restartedMain] j.LocalContainerEntityManagerFactoryBean : Initialized JPA EntityManagerFactory for persistence unit 'default'
2024-11-02T02:38:59.687+05:30  WARN 2492 --- [weatherinfo] [restartedMain] JpaBaseConfiguration$JpaWebConfiguration : spring.jpa.open-in-view is enabled by default. Therefore, database queries may be performed during view rendering. Explicitly configure spring.jpa.open-in-view to disable this warning
2024-11-02T02:39:01.048+05:30  INFO 2492 --- [weatherinfo] [restartedMain] o.s.b.d.a.OptionalLiveReloadServer       : LiveReload server is running on port 35729
2024-11-02T02:39:01.079+05:30  INFO 2492 --- [weatherinfo] [restartedMain] o.s.b.a.e.web.EndpointLinksResolver      : Exposing 1 endpoint beneath base path '/actuator'
2024-11-02T02:39:01.221+05:30  INFO 2492 --- [weatherinfo] [restartedMain] o.s.b.w.embedded.tomcat.TomcatWebServer  : Tomcat started on port 8083 (http) with context path '/'
2024-11-02T02:39:01.252+05:30  INFO 2492 --- [weatherinfo] [restartedMain] c.a.weatherinfo.WeatherinfoApplication   : Started WeatherinfoApplication in 10.134 seconds (process running for 10.983)
2024-11-02T02:39:12.427+05:30  INFO 2492 --- [weatherinfo] [http-nio-8083-exec-1] o.a.c.c.C.[Tomcat].[localhost].[/]       : Initializing Spring DispatcherServlet 'dispatcherServlet'
2024-11-02T02:39:12.429+05:30  INFO 2492 --- [weatherinfo] [http-nio-8083-exec-1] o.s.web.servlet.DispatcherServlet        : Initializing Servlet 'dispatcherServlet'
2024-11-02T02:39:12.434+05:30  INFO 2492 --- [weatherinfo] [http-nio-8083-exec-1] o.s.web.servlet.DispatcherServlet        : Completed initialization in 3 ms
2024-11-02T02:39:12.597+05:30  WARN 2492 --- [weatherinfo] [http-nio-8083-exec-1] .m.m.a.ExceptionHandlerExceptionResolver : Resolved [com.assaignment.weatherinfo.exceptions.InvalidRequest: Enter a valid pincode]
2024-11-02T02:39:34.652+05:30  INFO 2492 --- [weatherinfo] [http-nio-8083-exec-2] c.a.weatherinfo.service.WeatherService   : calling open wether geo coordinates api : 
2024-11-02T02:39:35.596+05:30  INFO 2492 --- [weatherinfo] [http-nio-8083-exec-2] c.a.weatherinfo.service.WeatherService   : co ordinates fetched from open weather API
2024-11-02T02:39:35.596+05:30  INFO 2492 --- [weatherinfo] [http-nio-8083-exec-2] c.a.weatherinfo.service.WeatherService   : saving co ordinates into pincode
2024-11-02T02:39:36.222+05:30  INFO 2492 --- [weatherinfo] [http-nio-8083-exec-2] c.a.weatherinfo.service.WeatherService   : weather info not in db calling open weather api to fetch data
2024-11-02T02:39:36.238+05:30  INFO 2492 --- [weatherinfo] [http-nio-8083-exec-2] c.a.weatherinfo.service.WeatherService   : No need to fetch from open weather api the co ordinates are present in db
2024-11-02T02:39:37.512+05:30  INFO 2492 --- [weatherinfo] [http-nio-8083-exec-2] c.a.weatherinfo.service.WeatherService   : Weather info presnt in database
2024-11-02T02:40:08.286+05:30  INFO 2492 --- [weatherinfo] [http-nio-8083-exec-4] c.a.weatherinfo.service.WeatherService   : No need to fetch from open weather api the co ordinates are present in db
2024-11-02T02:40:08.311+05:30  INFO 2492 --- [weatherinfo] [http-nio-8083-exec-4] c.a.weatherinfo.service.WeatherService   : Weather info presnt in database
2024-11-02T02:41:39.989+05:30  INFO 2492 --- [weatherinfo] [File Watcher] rtingClassPathChangeChangedEventListener : Restarting due to 1 class path change (0 additions, 0 deletions, 1 modification)
2024-11-02T02:41:40.042+05:30  INFO 2492 --- [weatherinfo] [Thread-5] j.LocalContainerEntityManagerFactoryBean : Closing JPA EntityManagerFactory for persistence unit 'default'
2024-11-02T02:41:40.085+05:30  INFO 2492 --- [weatherinfo] [Thread-5] com.zaxxer.hikari.HikariDataSource       : HikariPool-1 - Shutdown initiated...
2024-11-02T02:41:40.112+05:30  INFO 2492 --- [weatherinfo] [Thread-5] com.zaxxer.hikari.HikariDataSource       : HikariPool-1 - Shutdown completed.
2024-11-02T02:41:40.384+05:30  INFO 2492 --- [weatherinfo] [restartedMain] c.a.weatherinfo.WeatherinfoApplication   : Starting WeatherinfoApplication using Java 23 with PID 2492 (C:\Users\user\Desktop\Assaignment project2\weatherinfo\weatherinfo\target\classes started by user in C:\Users\user\Desktop\Assaignment project2\weatherinfo\weatherinfo)
2024-11-02T02:41:40.384+05:30  INFO 2492 --- [weatherinfo] [restartedMain] c.a.weatherinfo.WeatherinfoApplication   : No active profile set, falling back to 1 default profile: "default"
2024-11-02T02:41:41.143+05:30  INFO 2492 --- [weatherinfo] [restartedMain] .s.d.r.c.RepositoryConfigurationDelegate : Bootstrapping Spring Data JPA repositories in DEFAULT mode.
2024-11-02T02:41:41.174+05:30  INFO 2492 --- [weatherinfo] [restartedMain] .s.d.r.c.RepositoryConfigurationDelegate : Finished Spring Data repository scanning in 28 ms. Found 2 JPA repository interfaces.
2024-11-02T02:41:41.574+05:30  INFO 2492 --- [weatherinfo] [restartedMain] o.s.b.w.embedded.tomcat.TomcatWebServer  : Tomcat initialized with port 8083 (http)
2024-11-02T02:41:41.575+05:30  INFO 2492 --- [weatherinfo] [restartedMain] o.apache.catalina.core.StandardService   : Starting service [Tomcat]
2024-11-02T02:41:41.577+05:30  INFO 2492 --- [weatherinfo] [restartedMain] o.apache.catalina.core.StandardEngine    : Starting Servlet engine: [Apache Tomcat/10.1.31]
2024-11-02T02:41:41.609+05:30  INFO 2492 --- [weatherinfo] [restartedMain] o.a.c.c.C.[Tomcat].[localhost].[/]       : Initializing Spring embedded WebApplicationContext
2024-11-02T02:41:41.609+05:30  INFO 2492 --- [weatherinfo] [restartedMain] w.s.c.ServletWebServerApplicationContext : Root WebApplicationContext: initialization completed in 1213 ms
2024-11-02T02:41:41.784+05:30  INFO 2492 --- [weatherinfo] [restartedMain] o.hibernate.jpa.internal.util.LogHelper  : HHH000204: Processing PersistenceUnitInfo [name: default]
2024-11-02T02:41:41.791+05:30  INFO 2492 --- [weatherinfo] [restartedMain] o.h.c.internal.RegionFactoryInitiator    : HHH000026: Second-level cache disabled
2024-11-02T02:41:41.816+05:30  INFO 2492 --- [weatherinfo] [restartedMain] o.s.o.j.p.SpringPersistenceUnitInfo      : No LoadTimeWeaver setup: ignoring JPA class transformer
2024-11-02T02:41:41.819+05:30  INFO 2492 --- [weatherinfo] [restartedMain] com.zaxxer.hikari.HikariDataSource       : HikariPool-2 - Starting...
2024-11-02T02:41:41.852+05:30  INFO 2492 --- [weatherinfo] [restartedMain] com.zaxxer.hikari.pool.HikariPool        : HikariPool-2 - Added connection com.mysql.cj.jdbc.ConnectionImpl@5fad0e4f
2024-11-02T02:41:41.852+05:30  INFO 2492 --- [weatherinfo] [restartedMain] com.zaxxer.hikari.HikariDataSource       : HikariPool-2 - Start completed.
2024-11-02T02:41:41.968+05:30  INFO 2492 --- [weatherinfo] [restartedMain] o.h.e.t.j.p.i.JtaPlatformInitiator       : HHH000489: No JTA platform available (set 'hibernate.transaction.jta.platform' to enable JTA platform integration)
2024-11-02T02:41:42.014+05:30  INFO 2492 --- [weatherinfo] [restartedMain] j.LocalContainerEntityManagerFactoryBean : Initialized JPA EntityManagerFactory for persistence unit 'default'
2024-11-02T02:41:42.602+05:30  WARN 2492 --- [weatherinfo] [restartedMain] JpaBaseConfiguration$JpaWebConfiguration : spring.jpa.open-in-view is enabled by default. Therefore, database queries may be performed during view rendering. Explicitly configure spring.jpa.open-in-view to disable this warning
2024-11-02T02:41:43.745+05:30  INFO 2492 --- [weatherinfo] [restartedMain] o.s.b.d.a.OptionalLiveReloadServer       : LiveReload server is running on port 35729
2024-11-02T02:41:43.758+05:30  INFO 2492 --- [weatherinfo] [restartedMain] o.s.b.a.e.web.EndpointLinksResolver      : Exposing 1 endpoint beneath base path '/actuator'
2024-11-02T02:41:43.847+05:30  INFO 2492 --- [weatherinfo] [restartedMain] o.s.b.w.embedded.tomcat.TomcatWebServer  : Tomcat started on port 8083 (http) with context path '/'
2024-11-02T02:41:43.856+05:30  INFO 2492 --- [weatherinfo] [restartedMain] c.a.weatherinfo.WeatherinfoApplication   : Started WeatherinfoApplication in 3.64 seconds (process running for 173.587)
2024-11-02T02:41:43.884+05:30  INFO 2492 --- [weatherinfo] [restartedMain] .ConditionEvaluationDeltaLoggingListener : Condition evaluation unchanged
2024-11-02T02:41:56.712+05:30  INFO 2492 --- [weatherinfo] [http-nio-8083-exec-1] o.a.c.c.C.[Tomcat].[localhost].[/]       : Initializing Spring DispatcherServlet 'dispatcherServlet'
2024-11-02T02:41:56.712+05:30  INFO 2492 --- [weatherinfo] [http-nio-8083-exec-1] o.s.web.servlet.DispatcherServlet        : Initializing Servlet 'dispatcherServlet'
2024-11-02T02:41:56.735+05:30  INFO 2492 --- [weatherinfo] [http-nio-8083-exec-1] o.s.web.servlet.DispatcherServlet        : Completed initialization in 23 ms
2024-11-02T02:41:56.783+05:30  WARN 2492 --- [weatherinfo] [http-nio-8083-exec-1] .m.m.a.ExceptionHandlerExceptionResolver : Resolved [com.assaignment.weatherinfo.exceptions.InvalidRequest: Enter a valid pincode]
2024-11-02T02:42:06.804+05:30  WARN 2492 --- [weatherinfo] [http-nio-8083-exec-2] .m.m.a.ExceptionHandlerExceptionResolver : Resolved [com.assaignment.weatherinfo.exceptions.InvalidRequest: Enter a valid pincode]
2024-11-02T02:42:22.981+05:30  INFO 2492 --- [weatherinfo] [http-nio-8083-exec-3] c.a.weatherinfo.service.WeatherService   : calling open wether geo coordinates api : 
2024-11-02T02:42:23.264+05:30 ERROR 2492 --- [weatherinfo] [http-nio-8083-exec-3] c.a.weatherinfo.service.WeatherService   : got unknown Exception { }

org.springframework.web.client.HttpClientErrorException$NotFound: 404 Not Found: "{"cod":"404","message":"city not found"}"
	at org.springframework.web.client.HttpClientErrorException.create(HttpClientErrorException.java:112) ~[spring-web-6.1.14.jar:6.1.14]
	at org.springframework.web.client.DefaultResponseErrorHandler.handleError(DefaultResponseErrorHandler.java:183) ~[spring-web-6.1.14.jar:6.1.14]
	at org.springframework.web.client.DefaultResponseErrorHandler.handleError(DefaultResponseErrorHandler.java:137) ~[spring-web-6.1.14.jar:6.1.14]
	at org.springframework.web.client.ResponseErrorHandler.handleError(ResponseErrorHandler.java:63) ~[spring-web-6.1.14.jar:6.1.14]
	at org.springframework.web.client.RestTemplate.handleResponse(RestTemplate.java:942) ~[spring-web-6.1.14.jar:6.1.14]
	at org.springframework.web.client.RestTemplate.doExecute(RestTemplate.java:891) ~[spring-web-6.1.14.jar:6.1.14]
	at org.springframework.web.client.RestTemplate.execute(RestTemplate.java:790) ~[spring-web-6.1.14.jar:6.1.14]
	at org.springframework.web.client.RestTemplate.getForObject(RestTemplate.java:404) ~[spring-web-6.1.14.jar:6.1.14]
	at com.assaignment.weatherinfo.service.WeatherService.getPincodeFromOpenApi(WeatherService.java:45) ~[classes/:na]
	at com.assaignment.weatherinfo.service.WeatherService.getPinCodeDetails(WeatherService.java:67) ~[classes/:na]
	at com.assaignment.weatherinfo.service.WeatherService.getWeatherReport(WeatherService.java:78) ~[classes/:na]
	at com.assaignment.weatherinfo.controller.WeatherController.getWeatherReport(WeatherController.java:47) ~[classes/:na]
	at java.base/jdk.internal.reflect.DirectMethodHandleAccessor.invoke(DirectMethodHandleAccessor.java:103) ~[na:na]
	at java.base/java.lang.reflect.Method.invoke(Method.java:580) ~[na:na]
	at org.springframework.web.method.support.InvocableHandlerMethod.doInvoke(InvocableHandlerMethod.java:255) ~[spring-web-6.1.14.jar:6.1.14]
	at org.springframework.web.method.support.InvocableHandlerMethod.invokeForRequest(InvocableHandlerMethod.java:188) ~[spring-web-6.1.14.jar:6.1.14]
	at org.springframework.web.servlet.mvc.method.annotation.ServletInvocableHandlerMethod.invokeAndHandle(ServletInvocableHandlerMethod.java:118) ~[spring-webmvc-6.1.14.jar:6.1.14]
	at org.springframework.web.servlet.mvc.method.annotation.RequestMappingHandlerAdapter.invokeHandlerMethod(RequestMappingHandlerAdapter.java:926) ~[spring-webmvc-6.1.14.jar:6.1.14]
	at org.springframework.web.servlet.mvc.method.annotation.RequestMappingHandlerAdapter.handleInternal(RequestMappingHandlerAdapter.java:831) ~[spring-webmvc-6.1.14.jar:6.1.14]
	at org.springframework.web.servlet.mvc.method.AbstractHandlerMethodAdapter.handle(AbstractHandlerMethodAdapter.java:87) ~[spring-webmvc-6.1.14.jar:6.1.14]
	at org.springframework.web.servlet.DispatcherServlet.doDispatch(DispatcherServlet.java:1089) ~[spring-webmvc-6.1.14.jar:6.1.14]
	at org.springframework.web.servlet.DispatcherServlet.doService(DispatcherServlet.java:979) ~[spring-webmvc-6.1.14.jar:6.1.14]
	at org.springframework.web.servlet.FrameworkServlet.processRequest(FrameworkServlet.java:1014) ~[spring-webmvc-6.1.14.jar:6.1.14]
	at org.springframework.web.servlet.FrameworkServlet.doGet(FrameworkServlet.java:903) ~[spring-webmvc-6.1.14.jar:6.1.14]
	at jakarta.servlet.http.HttpServlet.service(HttpServlet.java:564) ~[tomcat-embed-core-10.1.31.jar:6.0]
	at org.springframework.web.servlet.FrameworkServlet.service(FrameworkServlet.java:885) ~[spring-webmvc-6.1.14.jar:6.1.14]
	at jakarta.servlet.http.HttpServlet.service(HttpServlet.java:658) ~[tomcat-embed-core-10.1.31.jar:6.0]
	at org.apache.catalina.core.ApplicationFilterChain.internalDoFilter(ApplicationFilterChain.java:195) ~[tomcat-embed-core-10.1.31.jar:10.1.31]
	at org.apache.catalina.core.ApplicationFilterChain.doFilter(ApplicationFilterChain.java:140) ~[tomcat-embed-core-10.1.31.jar:10.1.31]
	at org.apache.tomcat.websocket.server.WsFilter.doFilter(WsFilter.java:51) ~[tomcat-embed-websocket-10.1.31.jar:10.1.31]
	at org.apache.catalina.core.ApplicationFilterChain.internalDoFilter(ApplicationFilterChain.java:164) ~[tomcat-embed-core-10.1.31.jar:10.1.31]
	at org.apache.catalina.core.ApplicationFilterChain.doFilter(ApplicationFilterChain.java:140) ~[tomcat-embed-core-10.1.31.jar:10.1.31]
	at org.springframework.web.filter.RequestContextFilter.doFilterInternal(RequestContextFilter.java:100) ~[spring-web-6.1.14.jar:6.1.14]
	at org.springframework.web.filter.OncePerRequestFilter.doFilter(OncePerRequestFilter.java:116) ~[spring-web-6.1.14.jar:6.1.14]
	at org.apache.catalina.core.ApplicationFilterChain.internalDoFilter(ApplicationFilterChain.java:164) ~[tomcat-embed-core-10.1.31.jar:10.1.31]
	at org.apache.catalina.core.ApplicationFilterChain.doFilter(ApplicationFilterChain.java:140) ~[tomcat-embed-core-10.1.31.jar:10.1.31]
	at org.springframework.web.filter.FormContentFilter.doFilterInternal(FormContentFilter.java:93) ~[spring-web-6.1.14.jar:6.1.14]
	at org.springframework.web.filter.OncePerRequestFilter.doFilter(OncePerRequestFilter.java:116) ~[spring-web-6.1.14.jar:6.1.14]
	at org.apache.catalina.core.ApplicationFilterChain.internalDoFilter(ApplicationFilterChain.java:164) ~[tomcat-embed-core-10.1.31.jar:10.1.31]
	at org.apache.catalina.core.ApplicationFilterChain.doFilter(ApplicationFilterChain.java:140) ~[tomcat-embed-core-10.1.31.jar:10.1.31]
	at org.springframework.web.filter.ServerHttpObservationFilter.doFilterInternal(ServerHttpObservationFilter.java:113) ~[spring-web-6.1.14.jar:6.1.14]
	at org.springframework.web.filter.OncePerRequestFilter.doFilter(OncePerRequestFilter.java:116) ~[spring-web-6.1.14.jar:6.1.14]
	at org.apache.catalina.core.ApplicationFilterChain.internalDoFilter(ApplicationFilterChain.java:164) ~[tomcat-embed-core-10.1.31.jar:10.1.31]
	at org.apache.catalina.core.ApplicationFilterChain.doFilter(ApplicationFilterChain.java:140) ~[tomcat-embed-core-10.1.31.jar:10.1.31]
	at org.springframework.web.filter.CharacterEncodingFilter.doFilterInternal(CharacterEncodingFilter.java:201) ~[spring-web-6.1.14.jar:6.1.14]
	at org.springframework.web.filter.OncePerRequestFilter.doFilter(OncePerRequestFilter.java:116) ~[spring-web-6.1.14.jar:6.1.14]
	at org.apache.catalina.core.ApplicationFilterChain.internalDoFilter(ApplicationFilterChain.java:164) ~[tomcat-embed-core-10.1.31.jar:10.1.31]
	at org.apache.catalina.core.ApplicationFilterChain.doFilter(ApplicationFilterChain.java:140) ~[tomcat-embed-core-10.1.31.jar:10.1.31]
	at org.apache.catalina.core.StandardWrapperValve.invoke(StandardWrapperValve.java:167) ~[tomcat-embed-core-10.1.31.jar:10.1.31]
	at org.apache.catalina.core.StandardContextValve.invoke(StandardContextValve.java:90) ~[tomcat-embed-core-10.1.31.jar:10.1.31]
	at org.apache.catalina.authenticator.AuthenticatorBase.invoke(AuthenticatorBase.java:483) ~[tomcat-embed-core-10.1.31.jar:10.1.31]
	at org.apache.catalina.core.StandardHostValve.invoke(StandardHostValve.java:115) ~[tomcat-embed-core-10.1.31.jar:10.1.31]
	at org.apache.catalina.valves.ErrorReportValve.invoke(ErrorReportValve.java:93) ~[tomcat-embed-core-10.1.31.jar:10.1.31]
	at org.apache.catalina.core.StandardEngineValve.invoke(StandardEngineValve.java:74) ~[tomcat-embed-core-10.1.31.jar:10.1.31]
	at org.apache.catalina.connector.CoyoteAdapter.service(CoyoteAdapter.java:344) ~[tomcat-embed-core-10.1.31.jar:10.1.31]
	at org.apache.coyote.http11.Http11Processor.service(Http11Processor.java:384) ~[tomcat-embed-core-10.1.31.jar:10.1.31]
	at org.apache.coyote.AbstractProcessorLight.process(AbstractProcessorLight.java:63) ~[tomcat-embed-core-10.1.31.jar:10.1.31]
	at org.apache.coyote.AbstractProtocol$ConnectionHandler.process(AbstractProtocol.java:905) ~[tomcat-embed-core-10.1.31.jar:10.1.31]
	at org.apache.tomcat.util.net.NioEndpoint$SocketProcessor.doRun(NioEndpoint.java:1741) ~[tomcat-embed-core-10.1.31.jar:10.1.31]
	at org.apache.tomcat.util.net.SocketProcessorBase.run(SocketProcessorBase.java:52) ~[tomcat-embed-core-10.1.31.jar:10.1.31]
	at org.apache.tomcat.util.threads.ThreadPoolExecutor.runWorker(ThreadPoolExecutor.java:1190) ~[tomcat-embed-core-10.1.31.jar:10.1.31]
	at org.apache.tomcat.util.threads.ThreadPoolExecutor$Worker.run(ThreadPoolExecutor.java:659) ~[tomcat-embed-core-10.1.31.jar:10.1.31]
	at org.apache.tomcat.util.threads.TaskThread$WrappingRunnable.run(TaskThread.java:63) ~[tomcat-embed-core-10.1.31.jar:10.1.31]
	at java.base/java.lang.Thread.run(Thread.java:1575) ~[na:na]

2024-11-02T02:42:23.297+05:30  WARN 2492 --- [weatherinfo] [http-nio-8083-exec-3] .m.m.a.ExceptionHandlerExceptionResolver : Resolved [com.assaignment.weatherinfo.exceptions.ExceptionFromOpenApi: Unknown error occoured while contacting open weather API for cordinates]
2024-11-02T02:47:21.651+05:30  INFO 9088 --- [weatherinfo] [restartedMain] c.a.weatherinfo.WeatherinfoApplication   : Starting WeatherinfoApplication using Java 23 with PID 9088 (C:\Users\user\Desktop\Assaignment project2\weatherinfo\weatherinfo\target\classes started by user in C:\Users\user\Desktop\Assaignment project2\weatherinfo\weatherinfo)
2024-11-02T02:47:21.658+05:30  INFO 9088 --- [weatherinfo] [restartedMain] c.a.weatherinfo.WeatherinfoApplication   : No active profile set, falling back to 1 default profile: "default"
2024-11-02T02:47:21.863+05:30  INFO 9088 --- [weatherinfo] [restartedMain] .e.DevToolsPropertyDefaultsPostProcessor : Devtools property defaults active! Set 'spring.devtools.add-properties' to 'false' to disable
2024-11-02T02:47:21.863+05:30  INFO 9088 --- [weatherinfo] [restartedMain] .e.DevToolsPropertyDefaultsPostProcessor : For additional web related logging consider setting the 'logging.level.web' property to 'DEBUG'
2024-11-02T02:47:23.953+05:30  INFO 9088 --- [weatherinfo] [restartedMain] .s.d.r.c.RepositoryConfigurationDelegate : Bootstrapping Spring Data JPA repositories in DEFAULT mode.
2024-11-02T02:47:24.089+05:30  INFO 9088 --- [weatherinfo] [restartedMain] .s.d.r.c.RepositoryConfigurationDelegate : Finished Spring Data repository scanning in 113 ms. Found 2 JPA repository interfaces.
2024-11-02T02:47:26.080+05:30  INFO 9088 --- [weatherinfo] [restartedMain] o.s.b.w.embedded.tomcat.TomcatWebServer  : Tomcat initialized with port 8083 (http)
2024-11-02T02:47:26.108+05:30  INFO 9088 --- [weatherinfo] [restartedMain] o.apache.catalina.core.StandardService   : Starting service [Tomcat]
2024-11-02T02:47:26.108+05:30  INFO 9088 --- [weatherinfo] [restartedMain] o.apache.catalina.core.StandardEngine    : Starting Servlet engine: [Apache Tomcat/10.1.31]
2024-11-02T02:47:26.199+05:30  INFO 9088 --- [weatherinfo] [restartedMain] o.a.c.c.C.[Tomcat].[localhost].[/]       : Initializing Spring embedded WebApplicationContext
2024-11-02T02:47:26.200+05:30  INFO 9088 --- [weatherinfo] [restartedMain] w.s.c.ServletWebServerApplicationContext : Root WebApplicationContext: initialization completed in 4335 ms
2024-11-02T02:47:27.072+05:30  INFO 9088 --- [weatherinfo] [restartedMain] o.hibernate.jpa.internal.util.LogHelper  : HHH000204: Processing PersistenceUnitInfo [name: default]
2024-11-02T02:47:27.198+05:30  INFO 9088 --- [weatherinfo] [restartedMain] org.hibernate.Version                    : HHH000412: Hibernate ORM core version 6.5.3.Final
2024-11-02T02:47:27.267+05:30  INFO 9088 --- [weatherinfo] [restartedMain] o.h.c.internal.RegionFactoryInitiator    : HHH000026: Second-level cache disabled
2024-11-02T02:47:27.953+05:30  INFO 9088 --- [weatherinfo] [restartedMain] o.s.o.j.p.SpringPersistenceUnitInfo      : No LoadTimeWeaver setup: ignoring JPA class transformer
2024-11-02T02:47:28.062+05:30  INFO 9088 --- [weatherinfo] [restartedMain] com.zaxxer.hikari.HikariDataSource       : HikariPool-1 - Starting...
2024-11-02T02:47:28.766+05:30  INFO 9088 --- [weatherinfo] [restartedMain] com.zaxxer.hikari.pool.HikariPool        : HikariPool-1 - Added connection com.mysql.cj.jdbc.ConnectionImpl@61b3d38b
2024-11-02T02:47:28.770+05:30  INFO 9088 --- [weatherinfo] [restartedMain] com.zaxxer.hikari.HikariDataSource       : HikariPool-1 - Start completed.
2024-11-02T02:47:30.538+05:30  INFO 9088 --- [weatherinfo] [restartedMain] o.h.e.t.j.p.i.JtaPlatformInitiator       : HHH000489: No JTA platform available (set 'hibernate.transaction.jta.platform' to enable JTA platform integration)
2024-11-02T02:47:30.712+05:30  INFO 9088 --- [weatherinfo] [restartedMain] j.LocalContainerEntityManagerFactoryBean : Initialized JPA EntityManagerFactory for persistence unit 'default'
2024-11-02T02:47:31.905+05:30  WARN 9088 --- [weatherinfo] [restartedMain] JpaBaseConfiguration$JpaWebConfiguration : spring.jpa.open-in-view is enabled by default. Therefore, database queries may be performed during view rendering. Explicitly configure spring.jpa.open-in-view to disable this warning
2024-11-02T02:47:33.788+05:30  INFO 9088 --- [weatherinfo] [restartedMain] o.s.b.d.a.OptionalLiveReloadServer       : LiveReload server is running on port 35729
2024-11-02T02:47:33.863+05:30  INFO 9088 --- [weatherinfo] [restartedMain] o.s.b.a.e.web.EndpointLinksResolver      : Exposing 1 endpoint beneath base path '/actuator'
2024-11-02T02:47:34.780+05:30  INFO 9088 --- [weatherinfo] [restartedMain] o.s.b.w.embedded.tomcat.TomcatWebServer  : Tomcat started on port 8083 (http) with context path '/'
2024-11-02T02:47:34.874+05:30  INFO 9088 --- [weatherinfo] [restartedMain] c.a.weatherinfo.WeatherinfoApplication   : Started WeatherinfoApplication in 13.97 seconds (process running for 14.721)
2024-11-02T02:47:37.450+05:30  INFO 9088 --- [weatherinfo] [http-nio-8083-exec-1] o.a.c.c.C.[Tomcat].[localhost].[/]       : Initializing Spring DispatcherServlet 'dispatcherServlet'
2024-11-02T02:47:37.452+05:30  INFO 9088 --- [weatherinfo] [http-nio-8083-exec-1] o.s.web.servlet.DispatcherServlet        : Initializing Servlet 'dispatcherServlet'
2024-11-02T02:47:37.452+05:30  INFO 9088 --- [weatherinfo] [http-nio-8083-exec-1] o.s.web.servlet.DispatcherServlet        : Completed initialization in 0 ms
2024-11-02T02:47:37.912+05:30  INFO 9088 --- [weatherinfo] [http-nio-8083-exec-1] c.a.weatherinfo.service.WeatherService   : calling open wether geo coordinates api : 
2024-11-02T02:47:38.824+05:30  INFO 9088 --- [weatherinfo] [http-nio-8083-exec-1] c.a.weatherinfo.service.WeatherService   : HttpClient Exception occoured 
2024-11-02T02:47:38.896+05:30  WARN 9088 --- [weatherinfo] [http-nio-8083-exec-1] .m.m.a.ExceptionHandlerExceptionResolver : Resolved [org.springframework.web.client.HttpClientErrorException: 404 Not Found]
2024-11-02T02:48:22.619+05:30  INFO 9088 --- [weatherinfo] [File Watcher] rtingClassPathChangeChangedEventListener : Restarting due to 1 class path change (0 additions, 0 deletions, 1 modification)
2024-11-02T02:48:22.646+05:30  INFO 9088 --- [weatherinfo] [Thread-5] j.LocalContainerEntityManagerFactoryBean : Closing JPA EntityManagerFactory for persistence unit 'default'
2024-11-02T02:48:22.653+05:30  INFO 9088 --- [weatherinfo] [Thread-5] com.zaxxer.hikari.HikariDataSource       : HikariPool-1 - Shutdown initiated...
2024-11-02T02:48:22.680+05:30  INFO 9088 --- [weatherinfo] [Thread-5] com.zaxxer.hikari.HikariDataSource       : HikariPool-1 - Shutdown completed.
2024-11-02T02:48:22.875+05:30  INFO 9088 --- [weatherinfo] [restartedMain] c.a.weatherinfo.WeatherinfoApplication   : Starting WeatherinfoApplication using Java 23 with PID 9088 (C:\Users\user\Desktop\Assaignment project2\weatherinfo\weatherinfo\target\classes started by user in C:\Users\user\Desktop\Assaignment project2\weatherinfo\weatherinfo)
2024-11-02T02:48:22.878+05:30  INFO 9088 --- [weatherinfo] [restartedMain] c.a.weatherinfo.WeatherinfoApplication   : No active profile set, falling back to 1 default profile: "default"
2024-11-02T02:48:23.477+05:30  INFO 9088 --- [weatherinfo] [restartedMain] .s.d.r.c.RepositoryConfigurationDelegate : Bootstrapping Spring Data JPA repositories in DEFAULT mode.
2024-11-02T02:48:23.507+05:30  INFO 9088 --- [weatherinfo] [restartedMain] .s.d.r.c.RepositoryConfigurationDelegate : Finished Spring Data repository scanning in 29 ms. Found 2 JPA repository interfaces.
2024-11-02T02:48:23.787+05:30  INFO 9088 --- [weatherinfo] [restartedMain] o.s.b.w.embedded.tomcat.TomcatWebServer  : Tomcat initialized with port 8083 (http)
2024-11-02T02:48:23.792+05:30  INFO 9088 --- [weatherinfo] [restartedMain] o.apache.catalina.core.StandardService   : Starting service [Tomcat]
2024-11-02T02:48:23.793+05:30  INFO 9088 --- [weatherinfo] [restartedMain] o.apache.catalina.core.StandardEngine    : Starting Servlet engine: [Apache Tomcat/10.1.31]
2024-11-02T02:48:23.829+05:30  INFO 9088 --- [weatherinfo] [restartedMain] o.a.c.c.C.[Tomcat].[localhost].[/]       : Initializing Spring embedded WebApplicationContext
2024-11-02T02:48:23.831+05:30  INFO 9088 --- [weatherinfo] [restartedMain] w.s.c.ServletWebServerApplicationContext : Root WebApplicationContext: initialization completed in 945 ms
2024-11-02T02:48:24.066+05:30  INFO 9088 --- [weatherinfo] [restartedMain] o.hibernate.jpa.internal.util.LogHelper  : HHH000204: Processing PersistenceUnitInfo [name: default]
2024-11-02T02:48:24.074+05:30  INFO 9088 --- [weatherinfo] [restartedMain] o.h.c.internal.RegionFactoryInitiator    : HHH000026: Second-level cache disabled
2024-11-02T02:48:24.097+05:30  INFO 9088 --- [weatherinfo] [restartedMain] o.s.o.j.p.SpringPersistenceUnitInfo      : No LoadTimeWeaver setup: ignoring JPA class transformer
2024-11-02T02:48:24.100+05:30  INFO 9088 --- [weatherinfo] [restartedMain] com.zaxxer.hikari.HikariDataSource       : HikariPool-2 - Starting...
2024-11-02T02:48:24.126+05:30  INFO 9088 --- [weatherinfo] [restartedMain] com.zaxxer.hikari.pool.HikariPool        : HikariPool-2 - Added connection com.mysql.cj.jdbc.ConnectionImpl@4ed44a83
2024-11-02T02:48:24.127+05:30  INFO 9088 --- [weatherinfo] [restartedMain] com.zaxxer.hikari.HikariDataSource       : HikariPool-2 - Start completed.
2024-11-02T02:48:24.260+05:30  INFO 9088 --- [weatherinfo] [restartedMain] o.h.e.t.j.p.i.JtaPlatformInitiator       : HHH000489: No JTA platform available (set 'hibernate.transaction.jta.platform' to enable JTA platform integration)
2024-11-02T02:48:24.307+05:30  INFO 9088 --- [weatherinfo] [restartedMain] j.LocalContainerEntityManagerFactoryBean : Initialized JPA EntityManagerFactory for persistence unit 'default'
2024-11-02T02:48:24.650+05:30  WARN 9088 --- [weatherinfo] [restartedMain] JpaBaseConfiguration$JpaWebConfiguration : spring.jpa.open-in-view is enabled by default. Therefore, database queries may be performed during view rendering. Explicitly configure spring.jpa.open-in-view to disable this warning
2024-11-02T02:48:25.332+05:30  INFO 9088 --- [weatherinfo] [restartedMain] o.s.b.d.a.OptionalLiveReloadServer       : LiveReload server is running on port 35729
2024-11-02T02:48:25.350+05:30  INFO 9088 --- [weatherinfo] [restartedMain] o.s.b.a.e.web.EndpointLinksResolver      : Exposing 1 endpoint beneath base path '/actuator'
2024-11-02T02:48:25.390+05:30  INFO 9088 --- [weatherinfo] [restartedMain] o.s.b.w.embedded.tomcat.TomcatWebServer  : Tomcat started on port 8083 (http) with context path '/'
2024-11-02T02:48:25.406+05:30  INFO 9088 --- [weatherinfo] [restartedMain] c.a.weatherinfo.WeatherinfoApplication   : Started WeatherinfoApplication in 2.637 seconds (process running for 65.252)
2024-11-02T02:48:25.415+05:30  INFO 9088 --- [weatherinfo] [restartedMain] .ConditionEvaluationDeltaLoggingListener : Condition evaluation unchanged
2024-11-02T02:49:16.782+05:30  INFO 5048 --- [weatherinfo] [restartedMain] c.a.weatherinfo.WeatherinfoApplication   : Starting WeatherinfoApplication using Java 23 with PID 5048 (C:\Users\user\Desktop\Assaignment project2\weatherinfo\weatherinfo\target\classes started by user in C:\Users\user\Desktop\Assaignment project2\weatherinfo\weatherinfo)
2024-11-02T02:49:16.788+05:30  INFO 5048 --- [weatherinfo] [restartedMain] c.a.weatherinfo.WeatherinfoApplication   : No active profile set, falling back to 1 default profile: "default"
2024-11-02T02:49:16.904+05:30  INFO 5048 --- [weatherinfo] [restartedMain] .e.DevToolsPropertyDefaultsPostProcessor : Devtools property defaults active! Set 'spring.devtools.add-properties' to 'false' to disable
2024-11-02T02:49:16.906+05:30  INFO 5048 --- [weatherinfo] [restartedMain] .e.DevToolsPropertyDefaultsPostProcessor : For additional web related logging consider setting the 'logging.level.web' property to 'DEBUG'
2024-11-02T02:49:18.644+05:30  INFO 5048 --- [weatherinfo] [restartedMain] .s.d.r.c.RepositoryConfigurationDelegate : Bootstrapping Spring Data JPA repositories in DEFAULT mode.
2024-11-02T02:49:18.744+05:30  INFO 5048 --- [weatherinfo] [restartedMain] .s.d.r.c.RepositoryConfigurationDelegate : Finished Spring Data repository scanning in 87 ms. Found 2 JPA repository interfaces.
2024-11-02T02:49:20.217+05:30  INFO 5048 --- [weatherinfo] [restartedMain] o.s.b.w.embedded.tomcat.TomcatWebServer  : Tomcat initialized with port 8083 (http)
2024-11-02T02:49:20.245+05:30  INFO 5048 --- [weatherinfo] [restartedMain] o.apache.catalina.core.StandardService   : Starting service [Tomcat]
2024-11-02T02:49:20.246+05:30  INFO 5048 --- [weatherinfo] [restartedMain] o.apache.catalina.core.StandardEngine    : Starting Servlet engine: [Apache Tomcat/10.1.31]
2024-11-02T02:49:20.347+05:30  INFO 5048 --- [weatherinfo] [restartedMain] o.a.c.c.C.[Tomcat].[localhost].[/]       : Initializing Spring embedded WebApplicationContext
2024-11-02T02:49:20.351+05:30  INFO 5048 --- [weatherinfo] [restartedMain] w.s.c.ServletWebServerApplicationContext : Root WebApplicationContext: initialization completed in 3441 ms
2024-11-02T02:49:21.015+05:30  INFO 5048 --- [weatherinfo] [restartedMain] o.hibernate.jpa.internal.util.LogHelper  : HHH000204: Processing PersistenceUnitInfo [name: default]
2024-11-02T02:49:21.129+05:30  INFO 5048 --- [weatherinfo] [restartedMain] org.hibernate.Version                    : HHH000412: Hibernate ORM core version 6.5.3.Final
2024-11-02T02:49:21.200+05:30  INFO 5048 --- [weatherinfo] [restartedMain] o.h.c.internal.RegionFactoryInitiator    : HHH000026: Second-level cache disabled
2024-11-02T02:49:21.730+05:30  INFO 5048 --- [weatherinfo] [restartedMain] o.s.o.j.p.SpringPersistenceUnitInfo      : No LoadTimeWeaver setup: ignoring JPA class transformer
2024-11-02T02:49:21.770+05:30  INFO 5048 --- [weatherinfo] [restartedMain] com.zaxxer.hikari.HikariDataSource       : HikariPool-1 - Starting...
2024-11-02T02:49:22.319+05:30  INFO 5048 --- [weatherinfo] [restartedMain] com.zaxxer.hikari.pool.HikariPool        : HikariPool-1 - Added connection com.mysql.cj.jdbc.ConnectionImpl@5f2635f0
2024-11-02T02:49:22.323+05:30  INFO 5048 --- [weatherinfo] [restartedMain] com.zaxxer.hikari.HikariDataSource       : HikariPool-1 - Start completed.
2024-11-02T02:49:23.874+05:30  INFO 5048 --- [weatherinfo] [restartedMain] o.h.e.t.j.p.i.JtaPlatformInitiator       : HHH000489: No JTA platform available (set 'hibernate.transaction.jta.platform' to enable JTA platform integration)
2024-11-02T02:49:24.000+05:30  INFO 5048 --- [weatherinfo] [restartedMain] j.LocalContainerEntityManagerFactoryBean : Initialized JPA EntityManagerFactory for persistence unit 'default'
2024-11-02T02:49:24.892+05:30  WARN 5048 --- [weatherinfo] [restartedMain] JpaBaseConfiguration$JpaWebConfiguration : spring.jpa.open-in-view is enabled by default. Therefore, database queries may be performed during view rendering. Explicitly configure spring.jpa.open-in-view to disable this warning
2024-11-02T02:49:26.240+05:30  INFO 5048 --- [weatherinfo] [restartedMain] o.s.b.d.a.OptionalLiveReloadServer       : LiveReload server is running on port 35729
2024-11-02T02:49:26.267+05:30  INFO 5048 --- [weatherinfo] [restartedMain] o.s.b.a.e.web.EndpointLinksResolver      : Exposing 1 endpoint beneath base path '/actuator'
2024-11-02T02:49:26.434+05:30  INFO 5048 --- [weatherinfo] [restartedMain] o.s.b.w.embedded.tomcat.TomcatWebServer  : Tomcat started on port 8083 (http) with context path '/'
2024-11-02T02:49:26.463+05:30  INFO 5048 --- [weatherinfo] [restartedMain] c.a.weatherinfo.WeatherinfoApplication   : Started WeatherinfoApplication in 10.545 seconds (process running for 11.375)
2024-11-02T02:50:12.765+05:30  INFO 5048 --- [weatherinfo] [File Watcher] rtingClassPathChangeChangedEventListener : Restarting due to 1 class path change (0 additions, 0 deletions, 1 modification)
2024-11-02T02:50:12.782+05:30  INFO 5048 --- [weatherinfo] [Thread-5] j.LocalContainerEntityManagerFactoryBean : Closing JPA EntityManagerFactory for persistence unit 'default'
2024-11-02T02:50:12.788+05:30  INFO 5048 --- [weatherinfo] [Thread-5] com.zaxxer.hikari.HikariDataSource       : HikariPool-1 - Shutdown initiated...
2024-11-02T02:50:12.813+05:30  INFO 5048 --- [weatherinfo] [Thread-5] com.zaxxer.hikari.HikariDataSource       : HikariPool-1 - Shutdown completed.
2024-11-02T02:50:12.948+05:30  INFO 5048 --- [weatherinfo] [restartedMain] c.a.weatherinfo.WeatherinfoApplication   : Starting WeatherinfoApplication using Java 23 with PID 5048 (C:\Users\user\Desktop\Assaignment project2\weatherinfo\weatherinfo\target\classes started by user in C:\Users\user\Desktop\Assaignment project2\weatherinfo\weatherinfo)
2024-11-02T02:50:12.948+05:30  INFO 5048 --- [weatherinfo] [restartedMain] c.a.weatherinfo.WeatherinfoApplication   : No active profile set, falling back to 1 default profile: "default"
2024-11-02T02:50:13.482+05:30  INFO 5048 --- [weatherinfo] [restartedMain] .s.d.r.c.RepositoryConfigurationDelegate : Bootstrapping Spring Data JPA repositories in DEFAULT mode.
2024-11-02T02:50:13.507+05:30  INFO 5048 --- [weatherinfo] [restartedMain] .s.d.r.c.RepositoryConfigurationDelegate : Finished Spring Data repository scanning in 22 ms. Found 2 JPA repository interfaces.
2024-11-02T02:50:13.790+05:30  INFO 5048 --- [weatherinfo] [restartedMain] o.s.b.w.embedded.tomcat.TomcatWebServer  : Tomcat initialized with port 8083 (http)
2024-11-02T02:50:13.796+05:30  INFO 5048 --- [weatherinfo] [restartedMain] o.apache.catalina.core.StandardService   : Starting service [Tomcat]
2024-11-02T02:50:13.798+05:30  INFO 5048 --- [weatherinfo] [restartedMain] o.apache.catalina.core.StandardEngine    : Starting Servlet engine: [Apache Tomcat/10.1.31]
2024-11-02T02:50:13.825+05:30  INFO 5048 --- [weatherinfo] [restartedMain] o.a.c.c.C.[Tomcat].[localhost].[/]       : Initializing Spring embedded WebApplicationContext
2024-11-02T02:50:13.828+05:30  INFO 5048 --- [weatherinfo] [restartedMain] w.s.c.ServletWebServerApplicationContext : Root WebApplicationContext: initialization completed in 875 ms
2024-11-02T02:50:14.013+05:30  INFO 5048 --- [weatherinfo] [restartedMain] o.hibernate.jpa.internal.util.LogHelper  : HHH000204: Processing PersistenceUnitInfo [name: default]
2024-11-02T02:50:14.018+05:30  INFO 5048 --- [weatherinfo] [restartedMain] o.h.c.internal.RegionFactoryInitiator    : HHH000026: Second-level cache disabled
2024-11-02T02:50:14.037+05:30  INFO 5048 --- [weatherinfo] [restartedMain] o.s.o.j.p.SpringPersistenceUnitInfo      : No LoadTimeWeaver setup: ignoring JPA class transformer
2024-11-02T02:50:14.040+05:30  INFO 5048 --- [weatherinfo] [restartedMain] com.zaxxer.hikari.HikariDataSource       : HikariPool-2 - Starting...
2024-11-02T02:50:14.065+05:30  INFO 5048 --- [weatherinfo] [restartedMain] com.zaxxer.hikari.pool.HikariPool        : HikariPool-2 - Added connection com.mysql.cj.jdbc.ConnectionImpl@529b19d1
2024-11-02T02:50:14.066+05:30  INFO 5048 --- [weatherinfo] [restartedMain] com.zaxxer.hikari.HikariDataSource       : HikariPool-2 - Start completed.
2024-11-02T02:50:14.185+05:30  INFO 5048 --- [weatherinfo] [restartedMain] o.h.e.t.j.p.i.JtaPlatformInitiator       : HHH000489: No JTA platform available (set 'hibernate.transaction.jta.platform' to enable JTA platform integration)
2024-11-02T02:50:14.262+05:30  INFO 5048 --- [weatherinfo] [restartedMain] j.LocalContainerEntityManagerFactoryBean : Initialized JPA EntityManagerFactory for persistence unit 'default'
2024-11-02T02:50:14.850+05:30  WARN 5048 --- [weatherinfo] [restartedMain] JpaBaseConfiguration$JpaWebConfiguration : spring.jpa.open-in-view is enabled by default. Therefore, database queries may be performed during view rendering. Explicitly configure spring.jpa.open-in-view to disable this warning
2024-11-02T02:50:15.354+05:30  INFO 5048 --- [weatherinfo] [restartedMain] o.s.b.d.a.OptionalLiveReloadServer       : LiveReload server is running on port 35729
2024-11-02T02:50:15.365+05:30  INFO 5048 --- [weatherinfo] [restartedMain] o.s.b.a.e.web.EndpointLinksResolver      : Exposing 1 endpoint beneath base path '/actuator'
2024-11-02T02:50:15.401+05:30  INFO 5048 --- [weatherinfo] [restartedMain] o.s.b.w.embedded.tomcat.TomcatWebServer  : Tomcat started on port 8083 (http) with context path '/'
2024-11-02T02:50:15.418+05:30  INFO 5048 --- [weatherinfo] [restartedMain] c.a.weatherinfo.WeatherinfoApplication   : Started WeatherinfoApplication in 2.525 seconds (process running for 60.33)
2024-11-02T02:50:15.425+05:30  INFO 5048 --- [weatherinfo] [restartedMain] .ConditionEvaluationDeltaLoggingListener : Condition evaluation unchanged
2024-11-02T02:50:20.073+05:30  INFO 5048 --- [weatherinfo] [http-nio-8083-exec-1] o.a.c.c.C.[Tomcat].[localhost].[/]       : Initializing Spring DispatcherServlet 'dispatcherServlet'
2024-11-02T02:50:20.074+05:30  INFO 5048 --- [weatherinfo] [http-nio-8083-exec-1] o.s.web.servlet.DispatcherServlet        : Initializing Servlet 'dispatcherServlet'
2024-11-02T02:50:20.075+05:30  INFO 5048 --- [weatherinfo] [http-nio-8083-exec-1] o.s.web.servlet.DispatcherServlet        : Completed initialization in 1 ms
2024-11-02T02:50:20.229+05:30  INFO 5048 --- [weatherinfo] [http-nio-8083-exec-1] c.a.weatherinfo.service.WeatherService   : calling open wether geo coordinates api : 
2024-11-02T02:50:20.856+05:30  INFO 5048 --- [weatherinfo] [http-nio-8083-exec-1] c.a.weatherinfo.service.WeatherService   : co ordinates fetched from open weather API
2024-11-02T02:50:20.856+05:30  INFO 5048 --- [weatherinfo] [http-nio-8083-exec-1] c.a.weatherinfo.service.WeatherService   : saving co ordinates into pincode
2024-11-02T02:50:21.065+05:30  INFO 5048 --- [weatherinfo] [http-nio-8083-exec-1] c.a.weatherinfo.service.WeatherService   : weather info not in db calling open weather api to fetch data
2024-11-02T02:50:21.070+05:30  INFO 5048 --- [weatherinfo] [http-nio-8083-exec-1] c.a.weatherinfo.service.WeatherService   : No need to fetch from open weather api the co ordinates are present in db
2024-11-02T02:51:34.668+05:30  INFO 5048 --- [weatherinfo] [File Watcher] rtingClassPathChangeChangedEventListener : Restarting due to 1 class path change (0 additions, 0 deletions, 1 modification)
2024-11-02T02:51:34.676+05:30  INFO 5048 --- [weatherinfo] [Thread-7] j.LocalContainerEntityManagerFactoryBean : Closing JPA EntityManagerFactory for persistence unit 'default'
2024-11-02T02:51:34.678+05:30  INFO 5048 --- [weatherinfo] [Thread-7] com.zaxxer.hikari.HikariDataSource       : HikariPool-2 - Shutdown initiated...
2024-11-02T02:51:34.688+05:30  INFO 5048 --- [weatherinfo] [Thread-7] com.zaxxer.hikari.HikariDataSource       : HikariPool-2 - Shutdown completed.
2024-11-02T02:51:34.896+05:30  INFO 5048 --- [weatherinfo] [restartedMain] c.a.weatherinfo.WeatherinfoApplication   : Starting WeatherinfoApplication using Java 23 with PID 5048 (C:\Users\user\Desktop\Assaignment project2\weatherinfo\weatherinfo\target\classes started by user in C:\Users\user\Desktop\Assaignment project2\weatherinfo\weatherinfo)
2024-11-02T02:51:34.897+05:30  INFO 5048 --- [weatherinfo] [restartedMain] c.a.weatherinfo.WeatherinfoApplication   : No active profile set, falling back to 1 default profile: "default"
2024-11-02T02:51:35.533+05:30  INFO 5048 --- [weatherinfo] [restartedMain] .s.d.r.c.RepositoryConfigurationDelegate : Bootstrapping Spring Data JPA repositories in DEFAULT mode.
2024-11-02T02:51:35.553+05:30  INFO 5048 --- [weatherinfo] [restartedMain] .s.d.r.c.RepositoryConfigurationDelegate : Finished Spring Data repository scanning in 19 ms. Found 2 JPA repository interfaces.
2024-11-02T02:51:35.749+05:30  INFO 5048 --- [weatherinfo] [restartedMain] o.s.b.w.embedded.tomcat.TomcatWebServer  : Tomcat initialized with port 8083 (http)
2024-11-02T02:51:35.751+05:30  INFO 5048 --- [weatherinfo] [restartedMain] o.apache.catalina.core.StandardService   : Starting service [Tomcat]
2024-11-02T02:51:35.753+05:30  INFO 5048 --- [weatherinfo] [restartedMain] o.apache.catalina.core.StandardEngine    : Starting Servlet engine: [Apache Tomcat/10.1.31]
2024-11-02T02:51:35.790+05:30  INFO 5048 --- [weatherinfo] [restartedMain] o.a.c.c.C.[Tomcat].[localhost].[/]       : Initializing Spring embedded WebApplicationContext
2024-11-02T02:51:35.790+05:30  INFO 5048 --- [weatherinfo] [restartedMain] w.s.c.ServletWebServerApplicationContext : Root WebApplicationContext: initialization completed in 865 ms
2024-11-02T02:51:35.959+05:30  INFO 5048 --- [weatherinfo] [restartedMain] o.hibernate.jpa.internal.util.LogHelper  : HHH000204: Processing PersistenceUnitInfo [name: default]
2024-11-02T02:51:35.964+05:30  INFO 5048 --- [weatherinfo] [restartedMain] o.h.c.internal.RegionFactoryInitiator    : HHH000026: Second-level cache disabled
2024-11-02T02:51:35.984+05:30  INFO 5048 --- [weatherinfo] [restartedMain] o.s.o.j.p.SpringPersistenceUnitInfo      : No LoadTimeWeaver setup: ignoring JPA class transformer
2024-11-02T02:51:35.987+05:30  INFO 5048 --- [weatherinfo] [restartedMain] com.zaxxer.hikari.HikariDataSource       : HikariPool-3 - Starting...
2024-11-02T02:51:36.007+05:30  INFO 5048 --- [weatherinfo] [restartedMain] com.zaxxer.hikari.pool.HikariPool        : HikariPool-3 - Added connection com.mysql.cj.jdbc.ConnectionImpl@7d73f1d4
2024-11-02T02:51:36.008+05:30  INFO 5048 --- [weatherinfo] [restartedMain] com.zaxxer.hikari.HikariDataSource       : HikariPool-3 - Start completed.
2024-11-02T02:51:36.105+05:30  INFO 5048 --- [weatherinfo] [restartedMain] o.h.e.t.j.p.i.JtaPlatformInitiator       : HHH000489: No JTA platform available (set 'hibernate.transaction.jta.platform' to enable JTA platform integration)
2024-11-02T02:51:36.135+05:30  INFO 5048 --- [weatherinfo] [restartedMain] j.LocalContainerEntityManagerFactoryBean : Initialized JPA EntityManagerFactory for persistence unit 'default'
2024-11-02T02:51:36.385+05:30  WARN 5048 --- [weatherinfo] [restartedMain] JpaBaseConfiguration$JpaWebConfiguration : spring.jpa.open-in-view is enabled by default. Therefore, database queries may be performed during view rendering. Explicitly configure spring.jpa.open-in-view to disable this warning
2024-11-02T02:51:36.805+05:30  INFO 5048 --- [weatherinfo] [restartedMain] o.s.b.d.a.OptionalLiveReloadServer       : LiveReload server is running on port 35729
2024-11-02T02:51:36.814+05:30  INFO 5048 --- [weatherinfo] [restartedMain] o.s.b.a.e.web.EndpointLinksResolver      : Exposing 1 endpoint beneath base path '/actuator'
2024-11-02T02:51:36.854+05:30  INFO 5048 --- [weatherinfo] [restartedMain] o.s.b.w.embedded.tomcat.TomcatWebServer  : Tomcat started on port 8083 (http) with context path '/'
2024-11-02T02:51:36.869+05:30  INFO 5048 --- [weatherinfo] [restartedMain] c.a.weatherinfo.WeatherinfoApplication   : Started WeatherinfoApplication in 2.077 seconds (process running for 141.782)
2024-11-02T02:51:36.874+05:30  INFO 5048 --- [weatherinfo] [restartedMain] .ConditionEvaluationDeltaLoggingListener : Condition evaluation unchanged
2024-11-02T02:52:01.248+05:30  INFO 5048 --- [weatherinfo] [http-nio-8083-exec-1] o.a.c.c.C.[Tomcat].[localhost].[/]       : Initializing Spring DispatcherServlet 'dispatcherServlet'
2024-11-02T02:52:01.249+05:30  INFO 5048 --- [weatherinfo] [http-nio-8083-exec-1] o.s.web.servlet.DispatcherServlet        : Initializing Servlet 'dispatcherServlet'
2024-11-02T02:52:01.252+05:30  INFO 5048 --- [weatherinfo] [http-nio-8083-exec-1] o.s.web.servlet.DispatcherServlet        : Completed initialization in 1 ms
2024-11-02T02:52:01.288+05:30  INFO 5048 --- [weatherinfo] [http-nio-8083-exec-1] c.a.weatherinfo.service.WeatherService   : No need to fetch from open weather api the co ordinates are present in db
2024-11-02T02:52:01.302+05:30  INFO 5048 --- [weatherinfo] [http-nio-8083-exec-1] c.a.weatherinfo.service.WeatherService   : Weather info presnt in database
2024-11-02T02:52:44.852+05:30  INFO 5048 --- [weatherinfo] [http-nio-8083-exec-3] c.a.weatherinfo.service.WeatherService   : No need to fetch from open weather api the co ordinates are present in db
2024-11-02T02:52:44.858+05:30  INFO 5048 --- [weatherinfo] [http-nio-8083-exec-3] c.a.weatherinfo.service.WeatherService   : weather info not in db calling open weather api to fetch data
2024-11-02T02:52:44.863+05:30  INFO 5048 --- [weatherinfo] [http-nio-8083-exec-3] c.a.weatherinfo.service.WeatherService   : No need to fetch from open weather api the co ordinates are present in db
2024-11-02T02:53:00.598+05:30  INFO 5048 --- [weatherinfo] [http-nio-8083-exec-6] c.a.weatherinfo.service.WeatherService   : No need to fetch from open weather api the co ordinates are present in db
2024-11-02T02:53:00.603+05:30  INFO 5048 --- [weatherinfo] [http-nio-8083-exec-6] c.a.weatherinfo.service.WeatherService   : weather info not in db calling open weather api to fetch data
2024-11-02T02:53:00.606+05:30  INFO 5048 --- [weatherinfo] [http-nio-8083-exec-6] c.a.weatherinfo.service.WeatherService   : No need to fetch from open weather api the co ordinates are present in db
2024-11-02T02:54:20.953+05:30  INFO 5048 --- [weatherinfo] [File Watcher] rtingClassPathChangeChangedEventListener : Restarting due to 1 class path change (0 additions, 0 deletions, 1 modification)
2024-11-02T02:54:20.965+05:30  INFO 5048 --- [weatherinfo] [Thread-11] j.LocalContainerEntityManagerFactoryBean : Closing JPA EntityManagerFactory for persistence unit 'default'
2024-11-02T02:54:20.967+05:30  INFO 5048 --- [weatherinfo] [Thread-11] com.zaxxer.hikari.HikariDataSource       : HikariPool-3 - Shutdown initiated...
2024-11-02T02:54:20.985+05:30  INFO 5048 --- [weatherinfo] [Thread-11] com.zaxxer.hikari.HikariDataSource       : HikariPool-3 - Shutdown completed.
2024-11-02T02:54:21.113+05:30  INFO 5048 --- [weatherinfo] [restartedMain] c.a.weatherinfo.WeatherinfoApplication   : Starting WeatherinfoApplication using Java 23 with PID 5048 (C:\Users\user\Desktop\Assaignment project2\weatherinfo\weatherinfo\target\classes started by user in C:\Users\user\Desktop\Assaignment project2\weatherinfo\weatherinfo)
2024-11-02T02:54:21.115+05:30  INFO 5048 --- [weatherinfo] [restartedMain] c.a.weatherinfo.WeatherinfoApplication   : No active profile set, falling back to 1 default profile: "default"
2024-11-02T02:54:21.555+05:30  INFO 5048 --- [weatherinfo] [restartedMain] .s.d.r.c.RepositoryConfigurationDelegate : Bootstrapping Spring Data JPA repositories in DEFAULT mode.
2024-11-02T02:54:21.584+05:30  INFO 5048 --- [weatherinfo] [restartedMain] .s.d.r.c.RepositoryConfigurationDelegate : Finished Spring Data repository scanning in 24 ms. Found 2 JPA repository interfaces.
2024-11-02T02:54:21.912+05:30  INFO 5048 --- [weatherinfo] [restartedMain] o.s.b.w.embedded.tomcat.TomcatWebServer  : Tomcat initialized with port 8083 (http)
2024-11-02T02:54:21.916+05:30  INFO 5048 --- [weatherinfo] [restartedMain] o.apache.catalina.core.StandardService   : Starting service [Tomcat]
2024-11-02T02:54:21.916+05:30  INFO 5048 --- [weatherinfo] [restartedMain] o.apache.catalina.core.StandardEngine    : Starting Servlet engine: [Apache Tomcat/10.1.31]
2024-11-02T02:54:21.946+05:30  INFO 5048 --- [weatherinfo] [restartedMain] o.a.c.c.C.[Tomcat].[localhost].[/]       : Initializing Spring embedded WebApplicationContext
2024-11-02T02:54:21.946+05:30  INFO 5048 --- [weatherinfo] [restartedMain] w.s.c.ServletWebServerApplicationContext : Root WebApplicationContext: initialization completed in 827 ms
2024-11-02T02:54:22.108+05:30  INFO 5048 --- [weatherinfo] [restartedMain] o.hibernate.jpa.internal.util.LogHelper  : HHH000204: Processing PersistenceUnitInfo [name: default]
2024-11-02T02:54:22.115+05:30  INFO 5048 --- [weatherinfo] [restartedMain] o.h.c.internal.RegionFactoryInitiator    : HHH000026: Second-level cache disabled
2024-11-02T02:54:22.125+05:30  INFO 5048 --- [weatherinfo] [restartedMain] o.s.o.j.p.SpringPersistenceUnitInfo      : No LoadTimeWeaver setup: ignoring JPA class transformer
2024-11-02T02:54:22.127+05:30  INFO 5048 --- [weatherinfo] [restartedMain] com.zaxxer.hikari.HikariDataSource       : HikariPool-4 - Starting...
2024-11-02T02:54:22.145+05:30  INFO 5048 --- [weatherinfo] [restartedMain] com.zaxxer.hikari.pool.HikariPool        : HikariPool-4 - Added connection com.mysql.cj.jdbc.ConnectionImpl@126d47a5
2024-11-02T02:54:22.150+05:30  INFO 5048 --- [weatherinfo] [restartedMain] com.zaxxer.hikari.HikariDataSource       : HikariPool-4 - Start completed.
2024-11-02T02:54:22.218+05:30  INFO 5048 --- [weatherinfo] [restartedMain] o.h.e.t.j.p.i.JtaPlatformInitiator       : HHH000489: No JTA platform available (set 'hibernate.transaction.jta.platform' to enable JTA platform integration)
2024-11-02T02:54:22.239+05:30  INFO 5048 --- [weatherinfo] [restartedMain] j.LocalContainerEntityManagerFactoryBean : Initialized JPA EntityManagerFactory for persistence unit 'default'
2024-11-02T02:54:22.495+05:30  WARN 5048 --- [weatherinfo] [restartedMain] JpaBaseConfiguration$JpaWebConfiguration : spring.jpa.open-in-view is enabled by default. Therefore, database queries may be performed during view rendering. Explicitly configure spring.jpa.open-in-view to disable this warning
2024-11-02T02:54:23.081+05:30  INFO 5048 --- [weatherinfo] [restartedMain] o.s.b.d.a.OptionalLiveReloadServer       : LiveReload server is running on port 35729
2024-11-02T02:54:23.090+05:30  INFO 5048 --- [weatherinfo] [restartedMain] o.s.b.a.e.web.EndpointLinksResolver      : Exposing 1 endpoint beneath base path '/actuator'
2024-11-02T02:54:23.125+05:30  INFO 5048 --- [weatherinfo] [restartedMain] o.s.b.w.embedded.tomcat.TomcatWebServer  : Tomcat started on port 8083 (http) with context path '/'
2024-11-02T02:54:23.133+05:30  INFO 5048 --- [weatherinfo] [restartedMain] c.a.weatherinfo.WeatherinfoApplication   : Started WeatherinfoApplication in 2.081 seconds (process running for 308.045)
2024-11-02T02:54:23.140+05:30  INFO 5048 --- [weatherinfo] [restartedMain] .ConditionEvaluationDeltaLoggingListener : Condition evaluation unchanged
2024-11-02T02:54:30.229+05:30  INFO 5048 --- [weatherinfo] [http-nio-8083-exec-1] o.a.c.c.C.[Tomcat].[localhost].[/]       : Initializing Spring DispatcherServlet 'dispatcherServlet'
2024-11-02T02:54:30.229+05:30  INFO 5048 --- [weatherinfo] [http-nio-8083-exec-1] o.s.web.servlet.DispatcherServlet        : Initializing Servlet 'dispatcherServlet'
2024-11-02T02:54:30.233+05:30  INFO 5048 --- [weatherinfo] [http-nio-8083-exec-1] o.s.web.servlet.DispatcherServlet        : Completed initialization in 1 ms
2024-11-02T02:54:30.251+05:30  INFO 5048 --- [weatherinfo] [http-nio-8083-exec-1] c.a.weatherinfo.service.WeatherService   : No need to fetch from open weather api the co ordinates are present in db
2024-11-02T02:54:30.267+05:30  INFO 5048 --- [weatherinfo] [http-nio-8083-exec-1] c.a.weatherinfo.service.WeatherService   : Weather info presnt in database
2024-11-02T02:54:47.582+05:30  INFO 5048 --- [weatherinfo] [http-nio-8083-exec-3] c.a.weatherinfo.service.WeatherService   : calling open wether geo coordinates api : 
2024-11-02T02:54:47.771+05:30  INFO 5048 --- [weatherinfo] [http-nio-8083-exec-3] c.a.weatherinfo.service.WeatherService   : co ordinates fetched from open weather API
2024-11-02T02:54:47.771+05:30  INFO 5048 --- [weatherinfo] [http-nio-8083-exec-3] c.a.weatherinfo.service.WeatherService   : saving co ordinates into pincode
2024-11-02T02:54:47.796+05:30  INFO 5048 --- [weatherinfo] [http-nio-8083-exec-3] c.a.weatherinfo.service.WeatherService   : weather info not in db calling open weather api to fetch data
2024-11-02T02:54:47.796+05:30  INFO 5048 --- [weatherinfo] [http-nio-8083-exec-3] c.a.weatherinfo.service.WeatherService   : No need to fetch from open weather api the co ordinates are present in db
2024-11-02T02:54:48.584+05:30  INFO 5048 --- [weatherinfo] [http-nio-8083-exec-3] c.a.weatherinfo.service.WeatherService   : saving weather data into db
2024-11-02T02:55:27.378+05:30  INFO 5048 --- [weatherinfo] [http-nio-8083-exec-5] c.a.weatherinfo.service.WeatherService   : calling open wether geo coordinates api : 
2024-11-02T02:55:27.554+05:30  INFO 5048 --- [weatherinfo] [http-nio-8083-exec-5] c.a.weatherinfo.service.WeatherService   : co ordinates fetched from open weather API
2024-11-02T02:55:27.555+05:30  INFO 5048 --- [weatherinfo] [http-nio-8083-exec-5] c.a.weatherinfo.service.WeatherService   : saving co ordinates into pincode
2024-11-02T02:55:27.582+05:30  INFO 5048 --- [weatherinfo] [http-nio-8083-exec-5] c.a.weatherinfo.service.WeatherService   : weather info not in db calling open weather api to fetch data
2024-11-02T02:55:27.587+05:30  INFO 5048 --- [weatherinfo] [http-nio-8083-exec-5] c.a.weatherinfo.service.WeatherService   : No need to fetch from open weather api the co ordinates are present in db
2024-11-02T02:55:28.245+05:30  INFO 5048 --- [weatherinfo] [http-nio-8083-exec-5] c.a.weatherinfo.service.WeatherService   : saving weather data into db
2024-11-02T06:15:39.693+05:30  INFO 1384 --- [weatherinfo] [main] c.a.w.WeatherinfoApplicationTests        : Starting WeatherinfoApplicationTests using Java 23 with PID 1384 (started by user in C:\Users\user\Desktop\Assaignment project2\weatherinfo\weatherinfo)
2024-11-02T06:15:39.695+05:30  INFO 1384 --- [weatherinfo] [main] c.a.w.WeatherinfoApplicationTests        : No active profile set, falling back to 1 default profile: "default"
2024-11-02T06:15:41.291+05:30  INFO 1384 --- [weatherinfo] [main] .s.d.r.c.RepositoryConfigurationDelegate : Bootstrapping Spring Data JPA repositories in DEFAULT mode.
2024-11-02T06:15:41.381+05:30  INFO 1384 --- [weatherinfo] [main] .s.d.r.c.RepositoryConfigurationDelegate : Finished Spring Data repository scanning in 77 ms. Found 2 JPA repository interfaces.
2024-11-02T06:15:42.672+05:30  INFO 1384 --- [weatherinfo] [main] o.hibernate.jpa.internal.util.LogHelper  : HHH000204: Processing PersistenceUnitInfo [name: default]
2024-11-02T06:15:42.832+05:30  INFO 1384 --- [weatherinfo] [main] org.hibernate.Version                    : HHH000412: Hibernate ORM core version 6.5.3.Final
2024-11-02T06:15:42.899+05:30  INFO 1384 --- [weatherinfo] [main] o.h.c.internal.RegionFactoryInitiator    : HHH000026: Second-level cache disabled
2024-11-02T06:15:43.186+05:30  INFO 1384 --- [weatherinfo] [main] o.s.o.j.p.SpringPersistenceUnitInfo      : No LoadTimeWeaver setup: ignoring JPA class transformer
2024-11-02T06:15:43.258+05:30  INFO 1384 --- [weatherinfo] [main] com.zaxxer.hikari.HikariDataSource       : HikariPool-1 - Starting...
2024-11-02T06:15:43.954+05:30  INFO 1384 --- [weatherinfo] [main] com.zaxxer.hikari.pool.HikariPool        : HikariPool-1 - Added connection com.mysql.cj.jdbc.ConnectionImpl@3d01b609
2024-11-02T06:15:43.959+05:30  INFO 1384 --- [weatherinfo] [main] com.zaxxer.hikari.HikariDataSource       : HikariPool-1 - Start completed.
2024-11-02T06:15:45.597+05:30  INFO 1384 --- [weatherinfo] [main] o.h.e.t.j.p.i.JtaPlatformInitiator       : HHH000489: No JTA platform available (set 'hibernate.transaction.jta.platform' to enable JTA platform integration)
2024-11-02T06:15:45.940+05:30  INFO 1384 --- [weatherinfo] [main] j.LocalContainerEntityManagerFactoryBean : Initialized JPA EntityManagerFactory for persistence unit 'default'
2024-11-02T06:15:47.341+05:30  WARN 1384 --- [weatherinfo] [main] JpaBaseConfiguration$JpaWebConfiguration : spring.jpa.open-in-view is enabled by default. Therefore, database queries may be performed during view rendering. Explicitly configure spring.jpa.open-in-view to disable this warning
2024-11-02T06:15:49.539+05:30  INFO 1384 --- [weatherinfo] [main] o.s.b.a.e.web.EndpointLinksResolver      : Exposing 1 endpoint beneath base path '/actuator'
2024-11-02T06:15:49.687+05:30  INFO 1384 --- [weatherinfo] [main] c.a.w.WeatherinfoApplicationTests        : Started WeatherinfoApplicationTests in 10.447 seconds (process running for 15.068)
2024-11-02T06:15:49.961+05:30  INFO 1384 --- [weatherinfo] [SpringApplicationShutdownHook] j.LocalContainerEntityManagerFactoryBean : Closing JPA EntityManagerFactory for persistence unit 'default'
2024-11-02T06:15:49.968+05:30  INFO 1384 --- [weatherinfo] [SpringApplicationShutdownHook] com.zaxxer.hikari.HikariDataSource       : HikariPool-1 - Shutdown initiated...
2024-11-02T06:15:49.987+05:30  INFO 1384 --- [weatherinfo] [SpringApplicationShutdownHook] com.zaxxer.hikari.HikariDataSource       : HikariPool-1 - Shutdown completed.
2024-11-02T06:17:58.028+05:30  INFO 19180 --- [weatherinfo] [main] c.a.w.WeatherinfoApplicationTests        : Starting WeatherinfoApplicationTests using Java 23 with PID 19180 (started by user in C:\Users\user\Desktop\Assaignment project2\weatherinfo\weatherinfo)
2024-11-02T06:17:58.029+05:30  INFO 19180 --- [weatherinfo] [main] c.a.w.WeatherinfoApplicationTests        : No active profile set, falling back to 1 default profile: "default"
2024-11-02T06:17:59.412+05:30  INFO 19180 --- [weatherinfo] [main] .s.d.r.c.RepositoryConfigurationDelegate : Bootstrapping Spring Data JPA repositories in DEFAULT mode.
2024-11-02T06:17:59.489+05:30  INFO 19180 --- [weatherinfo] [main] .s.d.r.c.RepositoryConfigurationDelegate : Finished Spring Data repository scanning in 62 ms. Found 2 JPA repository interfaces.
2024-11-02T06:18:00.577+05:30  INFO 19180 --- [weatherinfo] [main] o.hibernate.jpa.internal.util.LogHelper  : HHH000204: Processing PersistenceUnitInfo [name: default]
2024-11-02T06:18:00.675+05:30  INFO 19180 --- [weatherinfo] [main] org.hibernate.Version                    : HHH000412: Hibernate ORM core version 6.5.3.Final
2024-11-02T06:18:00.720+05:30  INFO 19180 --- [weatherinfo] [main] o.h.c.internal.RegionFactoryInitiator    : HHH000026: Second-level cache disabled
2024-11-02T06:18:00.980+05:30  INFO 19180 --- [weatherinfo] [main] o.s.o.j.p.SpringPersistenceUnitInfo      : No LoadTimeWeaver setup: ignoring JPA class transformer
2024-11-02T06:18:01.035+05:30  INFO 19180 --- [weatherinfo] [main] com.zaxxer.hikari.HikariDataSource       : HikariPool-1 - Starting...
2024-11-02T06:18:01.509+05:30  INFO 19180 --- [weatherinfo] [main] com.zaxxer.hikari.pool.HikariPool        : HikariPool-1 - Added connection com.mysql.cj.jdbc.ConnectionImpl@52ab003b
2024-11-02T06:18:01.513+05:30  INFO 19180 --- [weatherinfo] [main] com.zaxxer.hikari.HikariDataSource       : HikariPool-1 - Start completed.
2024-11-02T06:18:02.730+05:30  INFO 19180 --- [weatherinfo] [main] o.h.e.t.j.p.i.JtaPlatformInitiator       : HHH000489: No JTA platform available (set 'hibernate.transaction.jta.platform' to enable JTA platform integration)
2024-11-02T06:18:02.850+05:30  INFO 19180 --- [weatherinfo] [main] j.LocalContainerEntityManagerFactoryBean : Initialized JPA EntityManagerFactory for persistence unit 'default'
2024-11-02T06:18:03.826+05:30  WARN 19180 --- [weatherinfo] [main] JpaBaseConfiguration$JpaWebConfiguration : spring.jpa.open-in-view is enabled by default. Therefore, database queries may be performed during view rendering. Explicitly configure spring.jpa.open-in-view to disable this warning
2024-11-02T06:18:05.139+05:30  INFO 19180 --- [weatherinfo] [main] o.s.b.a.e.web.EndpointLinksResolver      : Exposing 1 endpoint beneath base path '/actuator'
2024-11-02T06:18:05.276+05:30  INFO 19180 --- [weatherinfo] [main] c.a.w.WeatherinfoApplicationTests        : Started WeatherinfoApplicationTests in 7.703 seconds (process running for 11.517)
2024-11-02T06:18:05.554+05:30  INFO 19180 --- [weatherinfo] [SpringApplicationShutdownHook] j.LocalContainerEntityManagerFactoryBean : Closing JPA EntityManagerFactory for persistence unit 'default'
2024-11-02T06:18:05.563+05:30  INFO 19180 --- [weatherinfo] [SpringApplicationShutdownHook] com.zaxxer.hikari.HikariDataSource       : HikariPool-1 - Shutdown initiated...
2024-11-02T06:18:05.601+05:30  INFO 19180 --- [weatherinfo] [SpringApplicationShutdownHook] com.zaxxer.hikari.HikariDataSource       : HikariPool-1 - Shutdown completed.
2024-11-02T06:19:34.974+05:30  INFO 8908 --- [weatherinfo] [main] c.a.w.WeatherinfoApplicationTests        : Starting WeatherinfoApplicationTests using Java 23 with PID 8908 (started by user in C:\Users\user\Desktop\Assaignment project2\weatherinfo\weatherinfo)
2024-11-02T06:19:34.978+05:30  INFO 8908 --- [weatherinfo] [main] c.a.w.WeatherinfoApplicationTests        : No active profile set, falling back to 1 default profile: "default"
2024-11-02T06:19:36.423+05:30  INFO 8908 --- [weatherinfo] [main] .s.d.r.c.RepositoryConfigurationDelegate : Bootstrapping Spring Data JPA repositories in DEFAULT mode.
2024-11-02T06:19:36.515+05:30  INFO 8908 --- [weatherinfo] [main] .s.d.r.c.RepositoryConfigurationDelegate : Finished Spring Data repository scanning in 77 ms. Found 2 JPA repository interfaces.
2024-11-02T06:19:37.523+05:30  INFO 8908 --- [weatherinfo] [main] o.hibernate.jpa.internal.util.LogHelper  : HHH000204: Processing PersistenceUnitInfo [name: default]
2024-11-02T06:19:37.624+05:30  INFO 8908 --- [weatherinfo] [main] org.hibernate.Version                    : HHH000412: Hibernate ORM core version 6.5.3.Final
2024-11-02T06:19:37.679+05:30  INFO 8908 --- [weatherinfo] [main] o.h.c.internal.RegionFactoryInitiator    : HHH000026: Second-level cache disabled
2024-11-02T06:19:37.895+05:30  INFO 8908 --- [weatherinfo] [main] o.s.o.j.p.SpringPersistenceUnitInfo      : No LoadTimeWeaver setup: ignoring JPA class transformer
2024-11-02T06:19:37.943+05:30  INFO 8908 --- [weatherinfo] [main] com.zaxxer.hikari.HikariDataSource       : HikariPool-1 - Starting...
2024-11-02T06:19:38.386+05:30  INFO 8908 --- [weatherinfo] [main] com.zaxxer.hikari.pool.HikariPool        : HikariPool-1 - Added connection com.mysql.cj.jdbc.ConnectionImpl@68722de3
2024-11-02T06:19:38.390+05:30  INFO 8908 --- [weatherinfo] [main] com.zaxxer.hikari.HikariDataSource       : HikariPool-1 - Start completed.
2024-11-02T06:19:39.465+05:30  INFO 8908 --- [weatherinfo] [main] o.h.e.t.j.p.i.JtaPlatformInitiator       : HHH000489: No JTA platform available (set 'hibernate.transaction.jta.platform' to enable JTA platform integration)
2024-11-02T06:19:39.575+05:30  INFO 8908 --- [weatherinfo] [main] j.LocalContainerEntityManagerFactoryBean : Initialized JPA EntityManagerFactory for persistence unit 'default'
2024-11-02T06:19:40.551+05:30  WARN 8908 --- [weatherinfo] [main] JpaBaseConfiguration$JpaWebConfiguration : spring.jpa.open-in-view is enabled by default. Therefore, database queries may be performed during view rendering. Explicitly configure spring.jpa.open-in-view to disable this warning
2024-11-02T06:19:41.869+05:30  INFO 8908 --- [weatherinfo] [main] o.s.b.a.e.web.EndpointLinksResolver      : Exposing 1 endpoint beneath base path '/actuator'
2024-11-02T06:19:41.992+05:30  INFO 8908 --- [weatherinfo] [main] c.a.w.WeatherinfoApplicationTests        : Started WeatherinfoApplicationTests in 7.489 seconds (process running for 11.497)
2024-11-02T06:19:42.363+05:30  INFO 8908 --- [weatherinfo] [SpringApplicationShutdownHook] j.LocalContainerEntityManagerFactoryBean : Closing JPA EntityManagerFactory for persistence unit 'default'
2024-11-02T06:19:42.375+05:30  INFO 8908 --- [weatherinfo] [SpringApplicationShutdownHook] com.zaxxer.hikari.HikariDataSource       : HikariPool-1 - Shutdown initiated...
2024-11-02T06:19:42.404+05:30  INFO 8908 --- [weatherinfo] [SpringApplicationShutdownHook] com.zaxxer.hikari.HikariDataSource       : HikariPool-1 - Shutdown completed.
